{"/Users/crichmond/rithm/exercises/express-jobly/app.js": {"path":"/Users/crichmond/rithm/exercises/express-jobly/app.js","statementMap":{"0":{"start":{"line":5,"column":16},"end":{"line":5,"column":34}},"1":{"start":{"line":6,"column":13},"end":{"line":6,"column":28}},"2":{"start":{"line":8,"column":26},"end":{"line":8,"column":51}},"3":{"start":{"line":10,"column":28},"end":{"line":10,"column":56}},"4":{"start":{"line":11,"column":19},"end":{"line":11,"column":43}},"5":{"start":{"line":12,"column":24},"end":{"line":12,"column":53}},"6":{"start":{"line":13,"column":20},"end":{"line":13,"column":45}},"7":{"start":{"line":14,"column":18},"end":{"line":14,"column":42}},"8":{"start":{"line":16,"column":15},"end":{"line":16,"column":32}},"9":{"start":{"line":18,"column":12},"end":{"line":18,"column":21}},"10":{"start":{"line":20,"column":0},"end":{"line":20,"column":16}},"11":{"start":{"line":21,"column":0},"end":{"line":21,"column":24}},"12":{"start":{"line":22,"column":0},"end":{"line":22,"column":24}},"13":{"start":{"line":23,"column":0},"end":{"line":23,"column":25}},"14":{"start":{"line":25,"column":0},"end":{"line":25,"column":29}},"15":{"start":{"line":26,"column":0},"end":{"line":26,"column":39}},"16":{"start":{"line":27,"column":0},"end":{"line":27,"column":31}},"17":{"start":{"line":28,"column":0},"end":{"line":28,"column":28}},"18":{"start":{"line":32,"column":0},"end":{"line":34,"column":3}},"19":{"start":{"line":33,"column":2},"end":{"line":33,"column":28}},"20":{"start":{"line":37,"column":0},"end":{"line":46,"column":3}},"21":{"start":{"line":38,"column":2},"end":{"line":38,"column":64}},"22":{"start":{"line":38,"column":39},"end":{"line":38,"column":64}},"23":{"start":{"line":41,"column":18},"end":{"line":41,"column":29}},"24":{"start":{"line":43,"column":2},"end":{"line":45,"column":5}},"25":{"start":{"line":48,"column":0},"end":{"line":48,"column":21}}},"fnMap":{"0":{"name":"(anonymous_0)","decl":{"start":{"line":32,"column":8},"end":{"line":32,"column":9}},"loc":{"start":{"line":32,"column":34},"end":{"line":34,"column":1}},"line":32},"1":{"name":"(anonymous_1)","decl":{"start":{"line":37,"column":8},"end":{"line":37,"column":9}},"loc":{"start":{"line":37,"column":39},"end":{"line":46,"column":1}},"line":37}},"branchMap":{"0":{"loc":{"start":{"line":38,"column":2},"end":{"line":38,"column":64}},"type":"if","locations":[{"start":{"line":38,"column":2},"end":{"line":38,"column":64}},{"start":{},"end":{}}],"line":38}},"s":{"0":5,"1":5,"2":5,"3":5,"4":5,"5":5,"6":5,"7":5,"8":5,"9":5,"10":5,"11":5,"12":5,"13":5,"14":5,"15":5,"16":5,"17":5,"18":5,"19":2,"20":5,"21":56,"22":1,"23":56,"24":56,"25":5},"f":{"0":2,"1":56},"b":{"0":[1,55]},"_coverageSchema":"1a1c01bbd47fc00a2c39e90264f33305004495a9","hash":"250f9081b96ddf662bbd0e11baab41f295d3438b"}
,"/Users/crichmond/rithm/exercises/express-jobly/config.js": {"path":"/Users/crichmond/rithm/exercises/express-jobly/config.js","statementMap":{"0":{"start":{"line":5,"column":0},"end":{"line":5,"column":27}},"1":{"start":{"line":6,"column":0},"end":{"line":6,"column":18}},"2":{"start":{"line":8,"column":19},"end":{"line":8,"column":57}},"3":{"start":{"line":10,"column":13},"end":{"line":10,"column":38}},"4":{"start":{"line":14,"column":2},"end":{"line":16,"column":58}},"5":{"start":{"line":21,"column":27},"end":{"line":21,"column":67}},"6":{"start":{"line":23,"column":0},"end":{"line":32,"column":1}},"7":{"start":{"line":24,"column":2},"end":{"line":31,"column":6}},"8":{"start":{"line":34,"column":0},"end":{"line":39,"column":2}}},"fnMap":{"0":{"name":"getDatabaseUri","decl":{"start":{"line":13,"column":9},"end":{"line":13,"column":23}},"loc":{"start":{"line":13,"column":26},"end":{"line":17,"column":1}},"line":13}},"branchMap":{"0":{"loc":{"start":{"line":8,"column":19},"end":{"line":8,"column":57}},"type":"binary-expr","locations":[{"start":{"line":8,"column":19},"end":{"line":8,"column":41}},{"start":{"line":8,"column":45},"end":{"line":8,"column":57}}],"line":8},"1":{"loc":{"start":{"line":10,"column":13},"end":{"line":10,"column":38}},"type":"binary-expr","locations":[{"start":{"line":10,"column":13},"end":{"line":10,"column":30}},{"start":{"line":10,"column":34},"end":{"line":10,"column":38}}],"line":10},"2":{"loc":{"start":{"line":14,"column":9},"end":{"line":16,"column":57}},"type":"cond-expr","locations":[{"start":{"line":15,"column":8},"end":{"line":15,"column":34}},{"start":{"line":16,"column":8},"end":{"line":16,"column":57}}],"line":14},"3":{"loc":{"start":{"line":16,"column":8},"end":{"line":16,"column":57}},"type":"binary-expr","locations":[{"start":{"line":16,"column":8},"end":{"line":16,"column":32}},{"start":{"line":16,"column":36},"end":{"line":16,"column":57}}],"line":16},"4":{"loc":{"start":{"line":21,"column":27},"end":{"line":21,"column":67}},"type":"cond-expr","locations":[{"start":{"line":21,"column":61},"end":{"line":21,"column":62}},{"start":{"line":21,"column":65},"end":{"line":21,"column":67}}],"line":21},"5":{"loc":{"start":{"line":23,"column":0},"end":{"line":32,"column":1}},"type":"if","locations":[{"start":{"line":23,"column":0},"end":{"line":32,"column":1}},{"start":{},"end":{}}],"line":23}},"s":{"0":11,"1":11,"2":11,"3":11,"4":12,"5":11,"6":11,"7":1,"8":11},"f":{"0":12},"b":{"0":[11,10],"1":[11,10],"2":[9,3],"3":[3,1],"4":[10,1],"5":[1,10]},"_coverageSchema":"1a1c01bbd47fc00a2c39e90264f33305004495a9","hash":"cf99600a50e74ee3b161cf4871aae02d2c374601"}
,"/Users/crichmond/rithm/exercises/express-jobly/db.js": {"path":"/Users/crichmond/rithm/exercises/express-jobly/db.js","statementMap":{"0":{"start":{"line":5,"column":19},"end":{"line":5,"column":32}},"1":{"start":{"line":6,"column":27},"end":{"line":6,"column":46}},"2":{"start":{"line":8,"column":20},"end":{"line":8,"column":36}},"3":{"start":{"line":10,"column":11},"end":{"line":12,"column":2}},"4":{"start":{"line":16,"column":25},"end":{"line":16,"column":43}},"5":{"start":{"line":17,"column":2},"end":{"line":23,"column":3}},"6":{"start":{"line":18,"column":4},"end":{"line":18,"column":23}},"7":{"start":{"line":19,"column":4},"end":{"line":19,"column":39}},"8":{"start":{"line":25,"column":0},"end":{"line":25,"column":12}},"9":{"start":{"line":27,"column":0},"end":{"line":27,"column":20}}},"fnMap":{"0":{"name":"connectDb","decl":{"start":{"line":14,"column":15},"end":{"line":14,"column":24}},"loc":{"start":{"line":14,"column":27},"end":{"line":24,"column":1}},"line":14}},"branchMap":{},"s":{"0":8,"1":8,"2":8,"3":8,"4":8,"5":8,"6":8,"7":8,"8":8,"9":8},"f":{"0":8},"b":{},"_coverageSchema":"1a1c01bbd47fc00a2c39e90264f33305004495a9","hash":"ef562ee8dac528ff5da5a27e858fa3e00e3f3bf9"}
,"/Users/crichmond/rithm/exercises/express-jobly/expressError.js": {"path":"/Users/crichmond/rithm/exercises/express-jobly/expressError.js","statementMap":{"0":{"start":{"line":11,"column":4},"end":{"line":11,"column":12}},"1":{"start":{"line":12,"column":4},"end":{"line":12,"column":27}},"2":{"start":{"line":13,"column":4},"end":{"line":13,"column":25}},"3":{"start":{"line":21,"column":4},"end":{"line":21,"column":24}},"4":{"start":{"line":29,"column":4},"end":{"line":29,"column":24}},"5":{"start":{"line":37,"column":4},"end":{"line":37,"column":24}},"6":{"start":{"line":45,"column":4},"end":{"line":45,"column":24}},"7":{"start":{"line":49,"column":0},"end":{"line":55,"column":2}}},"fnMap":{"0":{"name":"(anonymous_0)","decl":{"start":{"line":10,"column":2},"end":{"line":10,"column":3}},"loc":{"start":{"line":10,"column":31},"end":{"line":14,"column":3}},"line":10},"1":{"name":"(anonymous_1)","decl":{"start":{"line":20,"column":2},"end":{"line":20,"column":3}},"loc":{"start":{"line":20,"column":37},"end":{"line":22,"column":3}},"line":20},"2":{"name":"(anonymous_2)","decl":{"start":{"line":28,"column":2},"end":{"line":28,"column":3}},"loc":{"start":{"line":28,"column":40},"end":{"line":30,"column":3}},"line":28},"3":{"name":"(anonymous_3)","decl":{"start":{"line":36,"column":2},"end":{"line":36,"column":3}},"loc":{"start":{"line":36,"column":39},"end":{"line":38,"column":3}},"line":36},"4":{"name":"(anonymous_4)","decl":{"start":{"line":44,"column":2},"end":{"line":44,"column":3}},"loc":{"start":{"line":44,"column":37},"end":{"line":46,"column":3}},"line":44}},"branchMap":{"0":{"loc":{"start":{"line":20,"column":14},"end":{"line":20,"column":35}},"type":"default-arg","locations":[{"start":{"line":20,"column":24},"end":{"line":20,"column":35}}],"line":20},"1":{"loc":{"start":{"line":28,"column":14},"end":{"line":28,"column":38}},"type":"default-arg","locations":[{"start":{"line":28,"column":24},"end":{"line":28,"column":38}}],"line":28},"2":{"loc":{"start":{"line":36,"column":14},"end":{"line":36,"column":37}},"type":"default-arg","locations":[{"start":{"line":36,"column":24},"end":{"line":36,"column":37}}],"line":36},"3":{"loc":{"start":{"line":44,"column":14},"end":{"line":44,"column":35}},"type":"default-arg","locations":[{"start":{"line":44,"column":24},"end":{"line":44,"column":35}}],"line":44}},"s":{"0":81,"1":81,"2":81,"3":21,"4":32,"5":28,"6":0,"7":10},"f":{"0":81,"1":21,"2":32,"3":28,"4":0},"b":{"0":[2],"1":[28],"2":[0],"3":[0]},"_coverageSchema":"1a1c01bbd47fc00a2c39e90264f33305004495a9","hash":"a858c9b9983f6af8aa5ba0a2b70cfdd16d96be18"}
,"/Users/crichmond/rithm/exercises/express-jobly/helpers/sql.js": {"path":"/Users/crichmond/rithm/exercises/express-jobly/helpers/sql.js","statementMap":{"0":{"start":{"line":3,"column":28},"end":{"line":3,"column":54}},"1":{"start":{"line":18,"column":15},"end":{"line":18,"column":40}},"2":{"start":{"line":19,"column":2},"end":{"line":19,"column":62}},"3":{"start":{"line":19,"column":25},"end":{"line":19,"column":62}},"4":{"start":{"line":22,"column":15},"end":{"line":24,"column":3}},"5":{"start":{"line":23,"column":4},"end":{"line":23,"column":50}},"6":{"start":{"line":26,"column":2},"end":{"line":29,"column":4}},"7":{"start":{"line":32,"column":0},"end":{"line":32,"column":41}}},"fnMap":{"0":{"name":"sqlForPartialUpdate","decl":{"start":{"line":17,"column":9},"end":{"line":17,"column":28}},"loc":{"start":{"line":17,"column":52},"end":{"line":30,"column":1}},"line":17},"1":{"name":"(anonymous_1)","decl":{"start":{"line":22,"column":24},"end":{"line":22,"column":25}},"loc":{"start":{"line":23,"column":4},"end":{"line":23,"column":50}},"line":23}},"branchMap":{"0":{"loc":{"start":{"line":19,"column":2},"end":{"line":19,"column":62}},"type":"if","locations":[{"start":{"line":19,"column":2},"end":{"line":19,"column":62}},{"start":{},"end":{}}],"line":19},"1":{"loc":{"start":{"line":23,"column":8},"end":{"line":23,"column":35}},"type":"binary-expr","locations":[{"start":{"line":23,"column":8},"end":{"line":23,"column":24}},{"start":{"line":23,"column":28},"end":{"line":23,"column":35}}],"line":23}},"s":{"0":9,"1":22,"2":22,"3":4,"4":18,"5":35,"6":18,"7":9},"f":{"0":22,"1":35},"b":{"0":[4,18],"1":[35,21]},"_coverageSchema":"1a1c01bbd47fc00a2c39e90264f33305004495a9","hash":"7790b6c29ab965cabe67bf393141be65507de71f"}
,"/Users/crichmond/rithm/exercises/express-jobly/helpers/tokens.js": {"path":"/Users/crichmond/rithm/exercises/express-jobly/helpers/tokens.js","statementMap":{"0":{"start":{"line":3,"column":12},"end":{"line":3,"column":35}},"1":{"start":{"line":4,"column":23},"end":{"line":4,"column":43}},"2":{"start":{"line":9,"column":16},"end":{"line":12,"column":3}},"3":{"start":{"line":14,"column":2},"end":{"line":14,"column":39}},"4":{"start":{"line":17,"column":0},"end":{"line":17,"column":33}}},"fnMap":{"0":{"name":"createToken","decl":{"start":{"line":8,"column":9},"end":{"line":8,"column":20}},"loc":{"start":{"line":8,"column":27},"end":{"line":15,"column":1}},"line":8}},"branchMap":{},"s":{"0":6,"1":6,"2":15,"3":15,"4":6},"f":{"0":15},"b":{},"_coverageSchema":"1a1c01bbd47fc00a2c39e90264f33305004495a9","hash":"4820251a6c78ffa8b209ed93e82090f6bfba8dd8"}
,"/Users/crichmond/rithm/exercises/express-jobly/middleware/auth.js": {"path":"/Users/crichmond/rithm/exercises/express-jobly/middleware/auth.js","statementMap":{"0":{"start":{"line":5,"column":12},"end":{"line":5,"column":35}},"1":{"start":{"line":6,"column":23},"end":{"line":6,"column":43}},"2":{"start":{"line":7,"column":30},"end":{"line":7,"column":56}},"3":{"start":{"line":19,"column":21},"end":{"line":19,"column":47}},"4":{"start":{"line":20,"column":2},"end":{"line":28,"column":3}},"5":{"start":{"line":21,"column":18},"end":{"line":21,"column":62}},"6":{"start":{"line":23,"column":4},"end":{"line":27,"column":5}},"7":{"start":{"line":24,"column":6},"end":{"line":24,"column":54}},"8":{"start":{"line":29,"column":2},"end":{"line":29,"column":16}},"9":{"start":{"line":39,"column":2},"end":{"line":39,"column":47}},"10":{"start":{"line":39,"column":33},"end":{"line":39,"column":47}},"11":{"start":{"line":40,"column":2},"end":{"line":40,"column":32}},"12":{"start":{"line":49,"column":2},"end":{"line":49,"column":55}},"13":{"start":{"line":49,"column":41},"end":{"line":49,"column":55}},"14":{"start":{"line":50,"column":2},"end":{"line":50,"column":32}},"15":{"start":{"line":60,"column":22},"end":{"line":60,"column":43}},"16":{"start":{"line":61,"column":32},"end":{"line":61,"column":76}},"17":{"start":{"line":63,"column":2},"end":{"line":65,"column":3}},"18":{"start":{"line":64,"column":4},"end":{"line":64,"column":34}},"19":{"start":{"line":66,"column":2},"end":{"line":66,"column":16}},"20":{"start":{"line":69,"column":0},"end":{"line":74,"column":2}}},"fnMap":{"0":{"name":"authenticateJWT","decl":{"start":{"line":18,"column":9},"end":{"line":18,"column":24}},"loc":{"start":{"line":18,"column":41},"end":{"line":31,"column":1}},"line":18},"1":{"name":"ensureLoggedIn","decl":{"start":{"line":38,"column":9},"end":{"line":38,"column":23}},"loc":{"start":{"line":38,"column":40},"end":{"line":41,"column":1}},"line":38},"2":{"name":"ensureAdmin","decl":{"start":{"line":48,"column":9},"end":{"line":48,"column":20}},"loc":{"start":{"line":48,"column":37},"end":{"line":51,"column":1}},"line":48},"3":{"name":"ensureCorrectUserOrAdmin","decl":{"start":{"line":59,"column":9},"end":{"line":59,"column":33}},"loc":{"start":{"line":59,"column":50},"end":{"line":67,"column":1}},"line":59}},"branchMap":{"0":{"loc":{"start":{"line":20,"column":2},"end":{"line":28,"column":3}},"type":"if","locations":[{"start":{"line":20,"column":2},"end":{"line":28,"column":3}},{"start":{},"end":{}}],"line":20},"1":{"loc":{"start":{"line":39,"column":2},"end":{"line":39,"column":47}},"type":"if","locations":[{"start":{"line":39,"column":2},"end":{"line":39,"column":47}},{"start":{},"end":{}}],"line":39},"2":{"loc":{"start":{"line":49,"column":2},"end":{"line":49,"column":55}},"type":"if","locations":[{"start":{"line":49,"column":2},"end":{"line":49,"column":55}},{"start":{},"end":{}}],"line":49},"3":{"loc":{"start":{"line":60,"column":22},"end":{"line":60,"column":43}},"type":"binary-expr","locations":[{"start":{"line":60,"column":22},"end":{"line":60,"column":37}},{"start":{"line":60,"column":41},"end":{"line":60,"column":43}}],"line":60},"4":{"loc":{"start":{"line":63,"column":2},"end":{"line":65,"column":3}},"type":"if","locations":[{"start":{"line":63,"column":2},"end":{"line":65,"column":3}},{"start":{},"end":{}}],"line":63},"5":{"loc":{"start":{"line":63,"column":6},"end":{"line":63,"column":63}},"type":"binary-expr","locations":[{"start":{"line":63,"column":6},"end":{"line":63,"column":37}},{"start":{"line":63,"column":41},"end":{"line":63,"column":63}}],"line":63}},"s":{"0":6,"1":6,"2":6,"3":85,"4":85,"5":48,"6":48,"7":48,"8":85,"9":3,"10":1,"11":2,"12":41,"13":24,"14":17,"15":23,"16":23,"17":23,"18":9,"19":14,"20":6},"f":{"0":85,"1":3,"2":41,"3":23},"b":{"0":[48,37],"1":[1,2],"2":[24,17],"3":[23,4],"4":[9,14],"5":[23,14]},"_coverageSchema":"1a1c01bbd47fc00a2c39e90264f33305004495a9","hash":"b36caa2b1f551d48ff27a845e04a85cd47787aaa"}
,"/Users/crichmond/rithm/exercises/express-jobly/models/_testCommon.js": {"path":"/Users/crichmond/rithm/exercises/express-jobly/models/_testCommon.js","statementMap":{"0":{"start":{"line":3,"column":15},"end":{"line":3,"column":32}},"1":{"start":{"line":5,"column":11},"end":{"line":5,"column":30}},"2":{"start":{"line":6,"column":31},"end":{"line":6,"column":51}},"3":{"start":{"line":10,"column":2},"end":{"line":10,"column":42}},"4":{"start":{"line":12,"column":2},"end":{"line":12,"column":38}},"5":{"start":{"line":14,"column":2},"end":{"line":19,"column":57}},"6":{"start":{"line":21,"column":2},"end":{"line":32,"column":5}},"7":{"start":{"line":34,"column":2},"end":{"line":38,"column":34}},"8":{"start":{"line":44,"column":2},"end":{"line":44,"column":26}},"9":{"start":{"line":48,"column":2},"end":{"line":48,"column":29}},"10":{"start":{"line":52,"column":2},"end":{"line":52,"column":17}},"11":{"start":{"line":56,"column":0},"end":{"line":61,"column":2}}},"fnMap":{"0":{"name":"commonBeforeAll","decl":{"start":{"line":8,"column":15},"end":{"line":8,"column":30}},"loc":{"start":{"line":8,"column":33},"end":{"line":41,"column":1}},"line":8},"1":{"name":"commonBeforeEach","decl":{"start":{"line":43,"column":15},"end":{"line":43,"column":31}},"loc":{"start":{"line":43,"column":34},"end":{"line":45,"column":1}},"line":43},"2":{"name":"commonAfterEach","decl":{"start":{"line":47,"column":15},"end":{"line":47,"column":30}},"loc":{"start":{"line":47,"column":33},"end":{"line":49,"column":1}},"line":47},"3":{"name":"commonAfterAll","decl":{"start":{"line":51,"column":15},"end":{"line":51,"column":29}},"loc":{"start":{"line":51,"column":32},"end":{"line":53,"column":1}},"line":51}},"branchMap":{},"s":{"0":3,"1":3,"2":3,"3":3,"4":3,"5":3,"6":3,"7":3,"8":50,"9":50,"10":3,"11":3},"f":{"0":3,"1":50,"2":50,"3":3},"b":{},"_coverageSchema":"1a1c01bbd47fc00a2c39e90264f33305004495a9","hash":"087a293266b6121558565762a611c151a1f82317"}
,"/Users/crichmond/rithm/exercises/express-jobly/models/company.js": {"path":"/Users/crichmond/rithm/exercises/express-jobly/models/company.js","statementMap":{"0":{"start":{"line":3,"column":11},"end":{"line":3,"column":27}},"1":{"start":{"line":4,"column":43},"end":{"line":4,"column":69}},"2":{"start":{"line":5,"column":32},"end":{"line":5,"column":57}},"3":{"start":{"line":20,"column":27},"end":{"line":23,"column":37}},"4":{"start":{"line":25,"column":4},"end":{"line":26,"column":64}},"5":{"start":{"line":26,"column":6},"end":{"line":26,"column":64}},"6":{"start":{"line":28,"column":19},"end":{"line":47,"column":5}},"7":{"start":{"line":48,"column":20},"end":{"line":48,"column":34}},"8":{"start":{"line":50,"column":4},"end":{"line":50,"column":19}},"9":{"start":{"line":63,"column":30},"end":{"line":63,"column":67}},"10":{"start":{"line":65,"column":25},"end":{"line":73,"column":31}},"11":{"start":{"line":74,"column":4},"end":{"line":74,"column":29}},"12":{"start":{"line":86,"column":51},"end":{"line":86,"column":66}},"13":{"start":{"line":88,"column":16},"end":{"line":88,"column":18}},"14":{"start":{"line":89,"column":19},"end":{"line":89,"column":21}},"15":{"start":{"line":91,"column":4},"end":{"line":95,"column":5}},"16":{"start":{"line":92,"column":6},"end":{"line":92,"column":35}},"17":{"start":{"line":93,"column":6},"end":{"line":93,"column":49}},"18":{"start":{"line":97,"column":4},"end":{"line":100,"column":5}},"19":{"start":{"line":98,"column":6},"end":{"line":98,"column":32}},"20":{"start":{"line":99,"column":6},"end":{"line":99,"column":55}},"21":{"start":{"line":102,"column":4},"end":{"line":105,"column":5}},"22":{"start":{"line":103,"column":6},"end":{"line":103,"column":32}},"23":{"start":{"line":104,"column":6},"end":{"line":104,"column":55}},"24":{"start":{"line":107,"column":4},"end":{"line":107,"column":63}},"25":{"start":{"line":109,"column":4},"end":{"line":109,"column":29}},"26":{"start":{"line":123,"column":23},"end":{"line":130,"column":37}},"27":{"start":{"line":132,"column":20},"end":{"line":132,"column":38}},"28":{"start":{"line":134,"column":4},"end":{"line":134,"column":67}},"29":{"start":{"line":134,"column":18},"end":{"line":134,"column":67}},"30":{"start":{"line":136,"column":19},"end":{"line":144,"column":35}},"31":{"start":{"line":146,"column":4},"end":{"line":154,"column":7}},"32":{"start":{"line":147,"column":6},"end":{"line":153,"column":7}},"33":{"start":{"line":156,"column":4},"end":{"line":156,"column":19}},"34":{"start":{"line":173,"column":32},"end":{"line":178,"column":8}},"35":{"start":{"line":179,"column":25},"end":{"line":179,"column":50}},"36":{"start":{"line":181,"column":21},"end":{"line":190,"column":34}},"37":{"start":{"line":191,"column":19},"end":{"line":191,"column":64}},"38":{"start":{"line":192,"column":20},"end":{"line":192,"column":34}},"39":{"start":{"line":194,"column":4},"end":{"line":194,"column":67}},"40":{"start":{"line":194,"column":18},"end":{"line":194,"column":67}},"41":{"start":{"line":196,"column":4},"end":{"line":196,"column":19}},"42":{"start":{"line":205,"column":19},"end":{"line":209,"column":36}},"43":{"start":{"line":210,"column":20},"end":{"line":210,"column":34}},"44":{"start":{"line":212,"column":4},"end":{"line":212,"column":67}},"45":{"start":{"line":212,"column":18},"end":{"line":212,"column":67}},"46":{"start":{"line":217,"column":0},"end":{"line":217,"column":25}}},"fnMap":{"0":{"name":"(anonymous_0)","decl":{"start":{"line":19,"column":2},"end":{"line":19,"column":3}},"loc":{"start":{"line":19,"column":76},"end":{"line":51,"column":3}},"line":19},"1":{"name":"(anonymous_1)","decl":{"start":{"line":62,"column":2},"end":{"line":62,"column":3}},"loc":{"start":{"line":62,"column":41},"end":{"line":75,"column":3}},"line":62},"2":{"name":"(anonymous_2)","decl":{"start":{"line":84,"column":2},"end":{"line":84,"column":3}},"loc":{"start":{"line":84,"column":46},"end":{"line":111,"column":3}},"line":84},"3":{"name":"(anonymous_3)","decl":{"start":{"line":122,"column":2},"end":{"line":122,"column":3}},"loc":{"start":{"line":122,"column":27},"end":{"line":157,"column":3}},"line":122},"4":{"name":"(anonymous_4)","decl":{"start":{"line":146,"column":35},"end":{"line":146,"column":36}},"loc":{"start":{"line":147,"column":6},"end":{"line":153,"column":7}},"line":147},"5":{"name":"(anonymous_5)","decl":{"start":{"line":172,"column":2},"end":{"line":172,"column":3}},"loc":{"start":{"line":172,"column":36},"end":{"line":197,"column":3}},"line":172},"6":{"name":"(anonymous_6)","decl":{"start":{"line":204,"column":2},"end":{"line":204,"column":3}},"loc":{"start":{"line":204,"column":30},"end":{"line":213,"column":3}},"line":204}},"branchMap":{"0":{"loc":{"start":{"line":25,"column":4},"end":{"line":26,"column":64}},"type":"if","locations":[{"start":{"line":25,"column":4},"end":{"line":26,"column":64}},{"start":{},"end":{}}],"line":25},"1":{"loc":{"start":{"line":84,"column":24},"end":{"line":84,"column":44}},"type":"default-arg","locations":[{"start":{"line":84,"column":42},"end":{"line":84,"column":44}}],"line":84},"2":{"loc":{"start":{"line":91,"column":4},"end":{"line":95,"column":5}},"type":"if","locations":[{"start":{"line":91,"column":4},"end":{"line":95,"column":5}},{"start":{},"end":{}}],"line":91},"3":{"loc":{"start":{"line":97,"column":4},"end":{"line":100,"column":5}},"type":"if","locations":[{"start":{"line":97,"column":4},"end":{"line":100,"column":5}},{"start":{},"end":{}}],"line":97},"4":{"loc":{"start":{"line":102,"column":4},"end":{"line":105,"column":5}},"type":"if","locations":[{"start":{"line":102,"column":4},"end":{"line":105,"column":5}},{"start":{},"end":{}}],"line":102},"5":{"loc":{"start":{"line":107,"column":12},"end":{"line":107,"column":62}},"type":"cond-expr","locations":[{"start":{"line":107,"column":27},"end":{"line":107,"column":57}},{"start":{"line":107,"column":60},"end":{"line":107,"column":62}}],"line":107},"6":{"loc":{"start":{"line":134,"column":4},"end":{"line":134,"column":67}},"type":"if","locations":[{"start":{"line":134,"column":4},"end":{"line":134,"column":67}},{"start":{},"end":{}}],"line":134},"7":{"loc":{"start":{"line":194,"column":4},"end":{"line":194,"column":67}},"type":"if","locations":[{"start":{"line":194,"column":4},"end":{"line":194,"column":67}},{"start":{},"end":{}}],"line":194},"8":{"loc":{"start":{"line":212,"column":4},"end":{"line":212,"column":67}},"type":"if","locations":[{"start":{"line":212,"column":4},"end":{"line":212,"column":67}},{"start":{},"end":{}}],"line":212}},"s":{"0":6,"1":6,"2":6,"3":16,"4":16,"5":1,"6":15,"7":15,"8":15,"9":5,"10":5,"11":5,"12":9,"13":9,"14":9,"15":9,"16":5,"17":5,"18":9,"19":4,"20":4,"21":9,"22":4,"23":4,"24":9,"25":9,"26":6,"27":6,"28":6,"29":2,"30":4,"31":4,"32":2,"33":4,"34":6,"35":5,"36":5,"37":5,"38":5,"39":5,"40":2,"41":3,"42":4,"43":4,"44":4,"45":2,"46":6},"f":{"0":16,"1":5,"2":9,"3":6,"4":2,"5":6,"6":4},"b":{"0":[1,15],"1":[2],"2":[5,4],"3":[4,5],"4":[4,5],"5":[6,3],"6":[2,4],"7":[2,3],"8":[2,2]},"_coverageSchema":"1a1c01bbd47fc00a2c39e90264f33305004495a9","hash":"2b9435e4fc47f63845946dfd463432322aeff12a"}
,"/Users/crichmond/rithm/exercises/express-jobly/models/job.js": {"path":"/Users/crichmond/rithm/exercises/express-jobly/models/job.js","statementMap":{"0":{"start":{"line":3,"column":11},"end":{"line":3,"column":27}},"1":{"start":{"line":4,"column":43},"end":{"line":4,"column":69}},"2":{"start":{"line":5,"column":32},"end":{"line":5,"column":57}},"3":{"start":{"line":21,"column":31},"end":{"line":24,"column":44}},"4":{"start":{"line":26,"column":4},"end":{"line":27,"column":74}},"5":{"start":{"line":27,"column":6},"end":{"line":27,"column":74}},"6":{"start":{"line":29,"column":19},"end":{"line":46,"column":5}},"7":{"start":{"line":47,"column":16},"end":{"line":47,"column":30}},"8":{"start":{"line":49,"column":4},"end":{"line":49,"column":15}},"9":{"start":{"line":62,"column":30},"end":{"line":62,"column":63}},"10":{"start":{"line":64,"column":20},"end":{"line":72,"column":49}},"11":{"start":{"line":73,"column":4},"end":{"line":73,"column":24}},"12":{"start":{"line":83,"column":42},"end":{"line":83,"column":57}},"13":{"start":{"line":85,"column":16},"end":{"line":85,"column":18}},"14":{"start":{"line":86,"column":19},"end":{"line":86,"column":21}},"15":{"start":{"line":88,"column":4},"end":{"line":92,"column":5}},"16":{"start":{"line":89,"column":6},"end":{"line":89,"column":32}},"17":{"start":{"line":90,"column":6},"end":{"line":90,"column":50}},"18":{"start":{"line":94,"column":4},"end":{"line":97,"column":5}},"19":{"start":{"line":95,"column":6},"end":{"line":95,"column":29}},"20":{"start":{"line":96,"column":6},"end":{"line":96,"column":48}},"21":{"start":{"line":99,"column":4},"end":{"line":104,"column":5}},"22":{"start":{"line":102,"column":6},"end":{"line":102,"column":21}},"23":{"start":{"line":103,"column":6},"end":{"line":103,"column":47}},"24":{"start":{"line":106,"column":4},"end":{"line":106,"column":63}},"25":{"start":{"line":108,"column":4},"end":{"line":108,"column":29}},"26":{"start":{"line":121,"column":19},"end":{"line":128,"column":29}},"27":{"start":{"line":130,"column":16},"end":{"line":130,"column":30}},"28":{"start":{"line":132,"column":4},"end":{"line":132,"column":55}},"29":{"start":{"line":132,"column":14},"end":{"line":132,"column":55}},"30":{"start":{"line":134,"column":4},"end":{"line":134,"column":15}},"31":{"start":{"line":150,"column":32},"end":{"line":150,"column":61}},"32":{"start":{"line":151,"column":21},"end":{"line":151,"column":46}},"33":{"start":{"line":153,"column":21},"end":{"line":162,"column":46}},"34":{"start":{"line":163,"column":19},"end":{"line":163,"column":60}},"35":{"start":{"line":164,"column":16},"end":{"line":164,"column":30}},"36":{"start":{"line":166,"column":4},"end":{"line":166,"column":55}},"37":{"start":{"line":166,"column":14},"end":{"line":166,"column":55}},"38":{"start":{"line":168,"column":4},"end":{"line":168,"column":15}},"39":{"start":{"line":177,"column":19},"end":{"line":181,"column":28}},"40":{"start":{"line":182,"column":16},"end":{"line":182,"column":30}},"41":{"start":{"line":184,"column":4},"end":{"line":184,"column":55}},"42":{"start":{"line":184,"column":14},"end":{"line":184,"column":55}},"43":{"start":{"line":189,"column":0},"end":{"line":189,"column":21}}},"fnMap":{"0":{"name":"(anonymous_0)","decl":{"start":{"line":20,"column":2},"end":{"line":20,"column":3}},"loc":{"start":{"line":20,"column":64},"end":{"line":50,"column":3}},"line":20},"1":{"name":"(anonymous_1)","decl":{"start":{"line":61,"column":2},"end":{"line":61,"column":3}},"loc":{"start":{"line":61,"column":41},"end":{"line":74,"column":3}},"line":61},"2":{"name":"(anonymous_2)","decl":{"start":{"line":81,"column":2},"end":{"line":81,"column":3}},"loc":{"start":{"line":81,"column":42},"end":{"line":110,"column":3}},"line":81},"3":{"name":"(anonymous_3)","decl":{"start":{"line":120,"column":2},"end":{"line":120,"column":3}},"loc":{"start":{"line":120,"column":23},"end":{"line":135,"column":3}},"line":120},"4":{"name":"(anonymous_4)","decl":{"start":{"line":149,"column":2},"end":{"line":149,"column":3}},"loc":{"start":{"line":149,"column":32},"end":{"line":169,"column":3}},"line":149},"5":{"name":"(anonymous_5)","decl":{"start":{"line":176,"column":2},"end":{"line":176,"column":3}},"loc":{"start":{"line":176,"column":26},"end":{"line":185,"column":3}},"line":176}},"branchMap":{"0":{"loc":{"start":{"line":26,"column":4},"end":{"line":27,"column":74}},"type":"if","locations":[{"start":{"line":26,"column":4},"end":{"line":27,"column":74}},{"start":{},"end":{}}],"line":26},"1":{"loc":{"start":{"line":81,"column":20},"end":{"line":81,"column":40}},"type":"default-arg","locations":[{"start":{"line":81,"column":38},"end":{"line":81,"column":40}}],"line":81},"2":{"loc":{"start":{"line":88,"column":4},"end":{"line":92,"column":5}},"type":"if","locations":[{"start":{"line":88,"column":4},"end":{"line":92,"column":5}},{"start":{},"end":{}}],"line":88},"3":{"loc":{"start":{"line":94,"column":4},"end":{"line":97,"column":5}},"type":"if","locations":[{"start":{"line":94,"column":4},"end":{"line":97,"column":5}},{"start":{},"end":{}}],"line":94},"4":{"loc":{"start":{"line":99,"column":4},"end":{"line":104,"column":5}},"type":"if","locations":[{"start":{"line":99,"column":4},"end":{"line":104,"column":5}},{"start":{},"end":{}}],"line":99},"5":{"loc":{"start":{"line":106,"column":12},"end":{"line":106,"column":62}},"type":"cond-expr","locations":[{"start":{"line":106,"column":27},"end":{"line":106,"column":57}},{"start":{"line":106,"column":60},"end":{"line":106,"column":62}}],"line":106},"6":{"loc":{"start":{"line":132,"column":4},"end":{"line":132,"column":55}},"type":"if","locations":[{"start":{"line":132,"column":4},"end":{"line":132,"column":55}},{"start":{},"end":{}}],"line":132},"7":{"loc":{"start":{"line":166,"column":4},"end":{"line":166,"column":55}},"type":"if","locations":[{"start":{"line":166,"column":4},"end":{"line":166,"column":55}},{"start":{},"end":{}}],"line":166},"8":{"loc":{"start":{"line":184,"column":4},"end":{"line":184,"column":55}},"type":"if","locations":[{"start":{"line":184,"column":4},"end":{"line":184,"column":55}},{"start":{},"end":{}}],"line":184}},"s":{"0":6,"1":6,"2":6,"3":13,"4":13,"5":1,"6":12,"7":12,"8":12,"9":5,"10":5,"11":5,"12":9,"13":9,"14":9,"15":9,"16":5,"17":5,"18":9,"19":4,"20":4,"21":9,"22":4,"23":4,"24":9,"25":9,"26":5,"27":4,"28":4,"29":2,"30":2,"31":5,"32":4,"33":4,"34":4,"35":4,"36":4,"37":2,"38":2,"39":4,"40":4,"41":4,"42":2,"43":6},"f":{"0":13,"1":5,"2":9,"3":5,"4":5,"5":4},"b":{"0":[1,12],"1":[2],"2":[5,4],"3":[4,5],"4":[4,5],"5":[6,3],"6":[2,2],"7":[2,2],"8":[2,2]},"_coverageSchema":"1a1c01bbd47fc00a2c39e90264f33305004495a9","hash":"8a26445cf3609277642366797ff9082244cb92a5"}
,"/Users/crichmond/rithm/exercises/express-jobly/models/user.js": {"path":"/Users/crichmond/rithm/exercises/express-jobly/models/user.js","statementMap":{"0":{"start":{"line":3,"column":11},"end":{"line":3,"column":27}},"1":{"start":{"line":4,"column":15},"end":{"line":4,"column":32}},"2":{"start":{"line":5,"column":32},"end":{"line":5,"column":57}},"3":{"start":{"line":10,"column":4},"end":{"line":10,"column":30}},"4":{"start":{"line":12,"column":31},"end":{"line":12,"column":54}},"5":{"start":{"line":26,"column":19},"end":{"line":35,"column":5}},"6":{"start":{"line":37,"column":17},"end":{"line":37,"column":31}},"7":{"start":{"line":39,"column":4},"end":{"line":46,"column":5}},"8":{"start":{"line":41,"column":22},"end":{"line":41,"column":67}},"9":{"start":{"line":42,"column":6},"end":{"line":45,"column":7}},"10":{"start":{"line":43,"column":8},"end":{"line":43,"column":29}},"11":{"start":{"line":44,"column":8},"end":{"line":44,"column":20}},"12":{"start":{"line":48,"column":4},"end":{"line":48,"column":61}},"13":{"start":{"line":60,"column":27},"end":{"line":64,"column":5}},"14":{"start":{"line":66,"column":4},"end":{"line":68,"column":5}},"15":{"start":{"line":67,"column":6},"end":{"line":67,"column":67}},"16":{"start":{"line":70,"column":27},"end":{"line":70,"column":74}},"17":{"start":{"line":72,"column":19},"end":{"line":94,"column":5}},"18":{"start":{"line":96,"column":17},"end":{"line":96,"column":31}},"19":{"start":{"line":98,"column":4},"end":{"line":98,"column":16}},"20":{"start":{"line":107,"column":19},"end":{"line":115,"column":5}},"21":{"start":{"line":117,"column":4},"end":{"line":117,"column":23}},"22":{"start":{"line":129,"column":20},"end":{"line":137,"column":5}},"23":{"start":{"line":139,"column":17},"end":{"line":139,"column":32}},"24":{"start":{"line":141,"column":4},"end":{"line":141,"column":63}},"25":{"start":{"line":141,"column":15},"end":{"line":141,"column":63}},"26":{"start":{"line":143,"column":4},"end":{"line":143,"column":16}},"27":{"start":{"line":164,"column":4},"end":{"line":166,"column":5}},"28":{"start":{"line":165,"column":6},"end":{"line":165,"column":75}},"29":{"start":{"line":168,"column":32},"end":{"line":174,"column":10}},"30":{"start":{"line":175,"column":27},"end":{"line":175,"column":52}},"31":{"start":{"line":177,"column":21},"end":{"line":185,"column":34}},"32":{"start":{"line":186,"column":19},"end":{"line":186,"column":66}},"33":{"start":{"line":187,"column":17},"end":{"line":187,"column":31}},"34":{"start":{"line":189,"column":4},"end":{"line":189,"column":63}},"35":{"start":{"line":189,"column":15},"end":{"line":189,"column":63}},"36":{"start":{"line":191,"column":4},"end":{"line":191,"column":25}},"37":{"start":{"line":192,"column":4},"end":{"line":192,"column":16}},"38":{"start":{"line":198,"column":17},"end":{"line":203,"column":5}},"39":{"start":{"line":204,"column":17},"end":{"line":204,"column":31}},"40":{"start":{"line":206,"column":4},"end":{"line":206,"column":63}},"41":{"start":{"line":206,"column":15},"end":{"line":206,"column":63}},"42":{"start":{"line":211,"column":0},"end":{"line":211,"column":22}}},"fnMap":{"0":{"name":"(anonymous_0)","decl":{"start":{"line":24,"column":2},"end":{"line":24,"column":3}},"loc":{"start":{"line":24,"column":48},"end":{"line":49,"column":3}},"line":24},"1":{"name":"(anonymous_1)","decl":{"start":{"line":58,"column":2},"end":{"line":58,"column":3}},"loc":{"start":{"line":59,"column":67},"end":{"line":99,"column":3}},"line":59},"2":{"name":"(anonymous_2)","decl":{"start":{"line":106,"column":2},"end":{"line":106,"column":3}},"loc":{"start":{"line":106,"column":25},"end":{"line":118,"column":3}},"line":106},"3":{"name":"(anonymous_3)","decl":{"start":{"line":128,"column":2},"end":{"line":128,"column":3}},"loc":{"start":{"line":128,"column":29},"end":{"line":144,"column":3}},"line":128},"4":{"name":"(anonymous_4)","decl":{"start":{"line":163,"column":2},"end":{"line":163,"column":3}},"loc":{"start":{"line":163,"column":38},"end":{"line":193,"column":3}},"line":163},"5":{"name":"(anonymous_5)","decl":{"start":{"line":197,"column":2},"end":{"line":197,"column":3}},"loc":{"start":{"line":197,"column":32},"end":{"line":207,"column":3}},"line":197}},"branchMap":{"0":{"loc":{"start":{"line":39,"column":4},"end":{"line":46,"column":5}},"type":"if","locations":[{"start":{"line":39,"column":4},"end":{"line":46,"column":5}},{"start":{},"end":{}}],"line":39},"1":{"loc":{"start":{"line":42,"column":6},"end":{"line":45,"column":7}},"type":"if","locations":[{"start":{"line":42,"column":6},"end":{"line":45,"column":7}},{"start":{},"end":{}}],"line":42},"2":{"loc":{"start":{"line":66,"column":4},"end":{"line":68,"column":5}},"type":"if","locations":[{"start":{"line":66,"column":4},"end":{"line":68,"column":5}},{"start":{},"end":{}}],"line":66},"3":{"loc":{"start":{"line":141,"column":4},"end":{"line":141,"column":63}},"type":"if","locations":[{"start":{"line":141,"column":4},"end":{"line":141,"column":63}},{"start":{},"end":{}}],"line":141},"4":{"loc":{"start":{"line":164,"column":4},"end":{"line":166,"column":5}},"type":"if","locations":[{"start":{"line":164,"column":4},"end":{"line":166,"column":5}},{"start":{},"end":{}}],"line":164},"5":{"loc":{"start":{"line":189,"column":4},"end":{"line":189,"column":63}},"type":"if","locations":[{"start":{"line":189,"column":4},"end":{"line":189,"column":63}},{"start":{},"end":{}}],"line":189},"6":{"loc":{"start":{"line":206,"column":4},"end":{"line":206,"column":63}},"type":"if","locations":[{"start":{"line":206,"column":4},"end":{"line":206,"column":63}},{"start":{},"end":{}}],"line":206}},"s":{"0":6,"1":6,"2":6,"3":6,"4":6,"5":8,"6":8,"7":8,"8":5,"9":5,"10":4,"11":4,"12":4,"13":23,"14":23,"15":1,"16":22,"17":22,"18":22,"19":22,"20":2,"21":2,"22":5,"23":5,"24":5,"25":2,"26":3,"27":9,"28":3,"29":9,"30":8,"31":8,"32":8,"33":8,"34":8,"35":2,"36":6,"37":6,"38":5,"39":5,"40":5,"41":2,"42":6},"f":{"0":8,"1":23,"2":2,"3":5,"4":9,"5":5},"b":{"0":[5,3],"1":[4,1],"2":[1,22],"3":[2,3],"4":[3,6],"5":[2,6],"6":[2,3]},"_coverageSchema":"1a1c01bbd47fc00a2c39e90264f33305004495a9","hash":"5de5d79d533b3f67a156e19a977ee96dde3ad3c3"}
,"/Users/crichmond/rithm/exercises/express-jobly/routes/_testCommon.js": {"path":"/Users/crichmond/rithm/exercises/express-jobly/routes/_testCommon.js","statementMap":{"0":{"start":{"line":3,"column":11},"end":{"line":3,"column":30}},"1":{"start":{"line":4,"column":13},"end":{"line":4,"column":38}},"2":{"start":{"line":5,"column":16},"end":{"line":5,"column":44}},"3":{"start":{"line":6,"column":12},"end":{"line":6,"column":36}},"4":{"start":{"line":7,"column":24},"end":{"line":7,"column":52}},"5":{"start":{"line":11,"column":2},"end":{"line":11,"column":38}},"6":{"start":{"line":13,"column":2},"end":{"line":13,"column":42}},"7":{"start":{"line":15,"column":2},"end":{"line":22,"column":7}},"8":{"start":{"line":23,"column":2},"end":{"line":30,"column":7}},"9":{"start":{"line":31,"column":2},"end":{"line":38,"column":7}},"10":{"start":{"line":40,"column":2},"end":{"line":47,"column":5}},"11":{"start":{"line":48,"column":2},"end":{"line":55,"column":5}},"12":{"start":{"line":56,"column":2},"end":{"line":63,"column":5}},"13":{"start":{"line":65,"column":2},"end":{"line":72,"column":5}},"14":{"start":{"line":74,"column":2},"end":{"line":80,"column":7}},"15":{"start":{"line":81,"column":2},"end":{"line":87,"column":7}},"16":{"start":{"line":91,"column":2},"end":{"line":91,"column":26}},"17":{"start":{"line":95,"column":2},"end":{"line":95,"column":29}},"18":{"start":{"line":99,"column":2},"end":{"line":99,"column":17}},"19":{"start":{"line":103,"column":16},"end":{"line":103,"column":63}},"20":{"start":{"line":104,"column":16},"end":{"line":104,"column":66}},"21":{"start":{"line":108,"column":0},"end":{"line":115,"column":2}}},"fnMap":{"0":{"name":"commonBeforeAll","decl":{"start":{"line":9,"column":15},"end":{"line":9,"column":30}},"loc":{"start":{"line":9,"column":33},"end":{"line":88,"column":1}},"line":9},"1":{"name":"commonBeforeEach","decl":{"start":{"line":90,"column":15},"end":{"line":90,"column":31}},"loc":{"start":{"line":90,"column":34},"end":{"line":92,"column":1}},"line":90},"2":{"name":"commonAfterEach","decl":{"start":{"line":94,"column":15},"end":{"line":94,"column":30}},"loc":{"start":{"line":94,"column":33},"end":{"line":96,"column":1}},"line":94},"3":{"name":"commonAfterAll","decl":{"start":{"line":98,"column":15},"end":{"line":98,"column":29}},"loc":{"start":{"line":98,"column":32},"end":{"line":100,"column":1}},"line":98}},"branchMap":{},"s":{"0":4,"1":4,"2":4,"3":4,"4":4,"5":4,"6":4,"7":4,"8":4,"9":4,"10":4,"11":4,"12":4,"13":4,"14":4,"15":4,"16":80,"17":80,"18":4,"19":4,"20":4,"21":4},"f":{"0":4,"1":80,"2":80,"3":4},"b":{},"_coverageSchema":"1a1c01bbd47fc00a2c39e90264f33305004495a9","hash":"2cb5d44abf865ad7a5efcf41f1dd7f79dea0b432"}
,"/Users/crichmond/rithm/exercises/express-jobly/routes/auth.js": {"path":"/Users/crichmond/rithm/exercises/express-jobly/routes/auth.js","statementMap":{"0":{"start":{"line":5,"column":19},"end":{"line":5,"column":40}},"1":{"start":{"line":7,"column":13},"end":{"line":7,"column":38}},"2":{"start":{"line":8,"column":16},"end":{"line":8,"column":34}},"3":{"start":{"line":9,"column":15},"end":{"line":9,"column":35}},"4":{"start":{"line":10,"column":24},"end":{"line":10,"column":52}},"5":{"start":{"line":11,"column":23},"end":{"line":11,"column":58}},"6":{"start":{"line":12,"column":27},"end":{"line":12,"column":66}},"7":{"start":{"line":13,"column":28},"end":{"line":13,"column":54}},"8":{"start":{"line":22,"column":0},"end":{"line":37,"column":3}},"9":{"start":{"line":23,"column":20},"end":{"line":27,"column":3}},"10":{"start":{"line":28,"column":2},"end":{"line":31,"column":3}},"11":{"start":{"line":29,"column":17},"end":{"line":29,"column":51}},"12":{"start":{"line":29,"column":43},"end":{"line":29,"column":50}},"13":{"start":{"line":30,"column":4},"end":{"line":30,"column":36}},"14":{"start":{"line":33,"column":33},"end":{"line":33,"column":41}},"15":{"start":{"line":34,"column":15},"end":{"line":34,"column":58}},"16":{"start":{"line":35,"column":16},"end":{"line":35,"column":33}},"17":{"start":{"line":36,"column":2},"end":{"line":36,"column":29}},"18":{"start":{"line":49,"column":0},"end":{"line":63,"column":3}},"19":{"start":{"line":50,"column":20},"end":{"line":54,"column":3}},"20":{"start":{"line":55,"column":2},"end":{"line":58,"column":3}},"21":{"start":{"line":56,"column":17},"end":{"line":56,"column":51}},"22":{"start":{"line":56,"column":43},"end":{"line":56,"column":50}},"23":{"start":{"line":57,"column":4},"end":{"line":57,"column":36}},"24":{"start":{"line":60,"column":18},"end":{"line":60,"column":70}},"25":{"start":{"line":61,"column":16},"end":{"line":61,"column":36}},"26":{"start":{"line":62,"column":2},"end":{"line":62,"column":41}},"27":{"start":{"line":66,"column":0},"end":{"line":66,"column":24}}},"fnMap":{"0":{"name":"(anonymous_0)","decl":{"start":{"line":22,"column":22},"end":{"line":22,"column":23}},"loc":{"start":{"line":22,"column":54},"end":{"line":37,"column":1}},"line":22},"1":{"name":"(anonymous_1)","decl":{"start":{"line":29,"column":38},"end":{"line":29,"column":39}},"loc":{"start":{"line":29,"column":43},"end":{"line":29,"column":50}},"line":29},"2":{"name":"(anonymous_2)","decl":{"start":{"line":49,"column":25},"end":{"line":49,"column":26}},"loc":{"start":{"line":49,"column":57},"end":{"line":63,"column":1}},"line":49},"3":{"name":"(anonymous_3)","decl":{"start":{"line":56,"column":38},"end":{"line":56,"column":39}},"loc":{"start":{"line":56,"column":43},"end":{"line":56,"column":50}},"line":56}},"branchMap":{"0":{"loc":{"start":{"line":28,"column":2},"end":{"line":31,"column":3}},"type":"if","locations":[{"start":{"line":28,"column":2},"end":{"line":31,"column":3}},{"start":{},"end":{}}],"line":28},"1":{"loc":{"start":{"line":55,"column":2},"end":{"line":58,"column":3}},"type":"if","locations":[{"start":{"line":55,"column":2},"end":{"line":58,"column":3}},{"start":{},"end":{}}],"line":55}},"s":{"0":5,"1":5,"2":5,"3":5,"4":5,"5":5,"6":5,"7":5,"8":5,"9":5,"10":5,"11":2,"12":2,"13":2,"14":3,"15":3,"16":1,"17":1,"18":5,"19":3,"20":3,"21":2,"22":5,"23":2,"24":1,"25":1,"26":1,"27":5},"f":{"0":5,"1":2,"2":3,"3":5},"b":{"0":[2,3],"1":[2,1]},"_coverageSchema":"1a1c01bbd47fc00a2c39e90264f33305004495a9","hash":"ffa498cb27a30f7f51970aecbc8b660446353d1d"}
,"/Users/crichmond/rithm/exercises/express-jobly/routes/companies.js": {"path":"/Users/crichmond/rithm/exercises/express-jobly/routes/companies.js","statementMap":{"0":{"start":{"line":5,"column":19},"end":{"line":5,"column":40}},"1":{"start":{"line":6,"column":16},"end":{"line":6,"column":34}},"2":{"start":{"line":8,"column":28},"end":{"line":8,"column":54}},"3":{"start":{"line":9,"column":40},"end":{"line":9,"column":69}},"4":{"start":{"line":10,"column":16},"end":{"line":10,"column":44}},"5":{"start":{"line":13,"column":28},"end":{"line":13,"column":68}},"6":{"start":{"line":15,"column":25},"end":{"line":15,"column":62}},"7":{"start":{"line":16,"column":28},"end":{"line":16,"column":68}},"8":{"start":{"line":18,"column":15},"end":{"line":18,"column":35}},"9":{"start":{"line":30,"column":0},"end":{"line":43,"column":3}},"10":{"start":{"line":31,"column":20},"end":{"line":35,"column":3}},"11":{"start":{"line":36,"column":2},"end":{"line":39,"column":3}},"12":{"start":{"line":37,"column":17},"end":{"line":37,"column":51}},"13":{"start":{"line":37,"column":43},"end":{"line":37,"column":50}},"14":{"start":{"line":38,"column":4},"end":{"line":38,"column":36}},"15":{"start":{"line":41,"column":18},"end":{"line":41,"column":48}},"16":{"start":{"line":42,"column":2},"end":{"line":42,"column":43}},"17":{"start":{"line":56,"column":0},"end":{"line":80,"column":3}},"18":{"start":{"line":57,"column":16},"end":{"line":57,"column":25}},"19":{"start":{"line":59,"column":2},"end":{"line":59,"column":76}},"20":{"start":{"line":59,"column":26},"end":{"line":59,"column":76}},"21":{"start":{"line":61,"column":2},"end":{"line":61,"column":76}},"22":{"start":{"line":61,"column":26},"end":{"line":61,"column":76}},"23":{"start":{"line":63,"column":2},"end":{"line":65,"column":3}},"24":{"start":{"line":64,"column":4},"end":{"line":64,"column":80}},"25":{"start":{"line":67,"column":20},"end":{"line":71,"column":3}},"26":{"start":{"line":73,"column":2},"end":{"line":76,"column":3}},"27":{"start":{"line":74,"column":17},"end":{"line":74,"column":51}},"28":{"start":{"line":74,"column":43},"end":{"line":74,"column":50}},"29":{"start":{"line":75,"column":4},"end":{"line":75,"column":36}},"30":{"start":{"line":78,"column":20},"end":{"line":78,"column":48}},"31":{"start":{"line":79,"column":2},"end":{"line":79,"column":33}},"32":{"start":{"line":90,"column":0},"end":{"line":93,"column":3}},"33":{"start":{"line":91,"column":18},"end":{"line":91,"column":54}},"34":{"start":{"line":92,"column":2},"end":{"line":92,"column":31}},"35":{"start":{"line":106,"column":0},"end":{"line":119,"column":3}},"36":{"start":{"line":107,"column":20},"end":{"line":111,"column":3}},"37":{"start":{"line":112,"column":2},"end":{"line":115,"column":3}},"38":{"start":{"line":113,"column":17},"end":{"line":113,"column":51}},"39":{"start":{"line":113,"column":43},"end":{"line":113,"column":50}},"40":{"start":{"line":114,"column":4},"end":{"line":114,"column":36}},"41":{"start":{"line":117,"column":18},"end":{"line":117,"column":67}},"42":{"start":{"line":118,"column":2},"end":{"line":118,"column":31}},"43":{"start":{"line":126,"column":0},"end":{"line":129,"column":3}},"44":{"start":{"line":127,"column":2},"end":{"line":127,"column":42}},"45":{"start":{"line":128,"column":2},"end":{"line":128,"column":50}},"46":{"start":{"line":132,"column":0},"end":{"line":132,"column":24}}},"fnMap":{"0":{"name":"(anonymous_0)","decl":{"start":{"line":30,"column":30},"end":{"line":30,"column":31}},"loc":{"start":{"line":30,"column":62},"end":{"line":43,"column":1}},"line":30},"1":{"name":"(anonymous_1)","decl":{"start":{"line":37,"column":38},"end":{"line":37,"column":39}},"loc":{"start":{"line":37,"column":43},"end":{"line":37,"column":50}},"line":37},"2":{"name":"(anonymous_2)","decl":{"start":{"line":56,"column":16},"end":{"line":56,"column":17}},"loc":{"start":{"line":56,"column":48},"end":{"line":80,"column":1}},"line":56},"3":{"name":"(anonymous_3)","decl":{"start":{"line":74,"column":38},"end":{"line":74,"column":39}},"loc":{"start":{"line":74,"column":43},"end":{"line":74,"column":50}},"line":74},"4":{"name":"(anonymous_4)","decl":{"start":{"line":90,"column":23},"end":{"line":90,"column":24}},"loc":{"start":{"line":90,"column":55},"end":{"line":93,"column":1}},"line":90},"5":{"name":"(anonymous_5)","decl":{"start":{"line":106,"column":38},"end":{"line":106,"column":39}},"loc":{"start":{"line":106,"column":70},"end":{"line":119,"column":1}},"line":106},"6":{"name":"(anonymous_6)","decl":{"start":{"line":113,"column":38},"end":{"line":113,"column":39}},"loc":{"start":{"line":113,"column":43},"end":{"line":113,"column":50}},"line":113},"7":{"name":"(anonymous_7)","decl":{"start":{"line":126,"column":39},"end":{"line":126,"column":40}},"loc":{"start":{"line":126,"column":71},"end":{"line":129,"column":1}},"line":126}},"branchMap":{"0":{"loc":{"start":{"line":36,"column":2},"end":{"line":39,"column":3}},"type":"if","locations":[{"start":{"line":36,"column":2},"end":{"line":39,"column":3}},{"start":{},"end":{}}],"line":36},"1":{"loc":{"start":{"line":59,"column":2},"end":{"line":59,"column":76}},"type":"if","locations":[{"start":{"line":59,"column":2},"end":{"line":59,"column":76}},{"start":{},"end":{}}],"line":59},"2":{"loc":{"start":{"line":61,"column":2},"end":{"line":61,"column":76}},"type":"if","locations":[{"start":{"line":61,"column":2},"end":{"line":61,"column":76}},{"start":{},"end":{}}],"line":61},"3":{"loc":{"start":{"line":63,"column":2},"end":{"line":65,"column":3}},"type":"if","locations":[{"start":{"line":63,"column":2},"end":{"line":65,"column":3}},{"start":{},"end":{}}],"line":63},"4":{"loc":{"start":{"line":73,"column":2},"end":{"line":76,"column":3}},"type":"if","locations":[{"start":{"line":73,"column":2},"end":{"line":76,"column":3}},{"start":{},"end":{}}],"line":73},"5":{"loc":{"start":{"line":112,"column":2},"end":{"line":115,"column":3}},"type":"if","locations":[{"start":{"line":112,"column":2},"end":{"line":115,"column":3}},{"start":{},"end":{}}],"line":112}},"s":{"0":5,"1":5,"2":5,"3":5,"4":5,"5":5,"6":5,"7":5,"8":5,"9":5,"10":3,"11":3,"12":2,"13":3,"14":2,"15":1,"16":1,"17":5,"18":6,"19":6,"20":4,"21":6,"22":4,"23":6,"24":1,"25":5,"26":5,"27":3,"28":3,"29":3,"30":2,"31":2,"32":5,"33":3,"34":2,"35":5,"36":4,"37":4,"38":2,"39":2,"40":2,"41":2,"42":1,"43":5,"44":2,"45":1,"46":5},"f":{"0":3,"1":3,"2":6,"3":3,"4":3,"5":4,"6":2,"7":2},"b":{"0":[2,1],"1":[4,2],"2":[4,2],"3":[1,5],"4":[3,2],"5":[2,2]},"_coverageSchema":"1a1c01bbd47fc00a2c39e90264f33305004495a9","hash":"408c90877530d6bd147f607ad6023b97e1085c9b"}
,"/Users/crichmond/rithm/exercises/express-jobly/routes/jobs.js": {"path":"/Users/crichmond/rithm/exercises/express-jobly/routes/jobs.js","statementMap":{"0":{"start":{"line":5,"column":19},"end":{"line":5,"column":40}},"1":{"start":{"line":6,"column":16},"end":{"line":6,"column":34}},"2":{"start":{"line":8,"column":28},"end":{"line":8,"column":54}},"3":{"start":{"line":9,"column":40},"end":{"line":9,"column":69}},"4":{"start":{"line":10,"column":12},"end":{"line":10,"column":36}},"5":{"start":{"line":13,"column":24},"end":{"line":13,"column":60}},"6":{"start":{"line":15,"column":21},"end":{"line":15,"column":54}},"7":{"start":{"line":16,"column":24},"end":{"line":16,"column":60}},"8":{"start":{"line":18,"column":15},"end":{"line":18,"column":35}},"9":{"start":{"line":29,"column":0},"end":{"line":42,"column":3}},"10":{"start":{"line":30,"column":20},"end":{"line":34,"column":3}},"11":{"start":{"line":35,"column":2},"end":{"line":38,"column":3}},"12":{"start":{"line":36,"column":17},"end":{"line":36,"column":51}},"13":{"start":{"line":36,"column":43},"end":{"line":36,"column":50}},"14":{"start":{"line":37,"column":4},"end":{"line":37,"column":36}},"15":{"start":{"line":40,"column":14},"end":{"line":40,"column":40}},"16":{"start":{"line":41,"column":2},"end":{"line":41,"column":39}},"17":{"start":{"line":55,"column":0},"end":{"line":77,"column":3}},"18":{"start":{"line":56,"column":16},"end":{"line":56,"column":25}},"19":{"start":{"line":58,"column":2},"end":{"line":58,"column":67}},"20":{"start":{"line":58,"column":23},"end":{"line":58,"column":67}},"21":{"start":{"line":60,"column":2},"end":{"line":62,"column":3}},"22":{"start":{"line":61,"column":4},"end":{"line":61,"column":51}},"23":{"start":{"line":64,"column":20},"end":{"line":68,"column":3}},"24":{"start":{"line":70,"column":2},"end":{"line":73,"column":3}},"25":{"start":{"line":71,"column":17},"end":{"line":71,"column":51}},"26":{"start":{"line":71,"column":43},"end":{"line":71,"column":50}},"27":{"start":{"line":72,"column":4},"end":{"line":72,"column":36}},"28":{"start":{"line":75,"column":15},"end":{"line":75,"column":39}},"29":{"start":{"line":76,"column":2},"end":{"line":76,"column":28}},"30":{"start":{"line":86,"column":0},"end":{"line":89,"column":3}},"31":{"start":{"line":87,"column":14},"end":{"line":87,"column":42}},"32":{"start":{"line":88,"column":2},"end":{"line":88,"column":27}},"33":{"start":{"line":102,"column":0},"end":{"line":115,"column":3}},"34":{"start":{"line":103,"column":20},"end":{"line":107,"column":3}},"35":{"start":{"line":108,"column":2},"end":{"line":111,"column":3}},"36":{"start":{"line":109,"column":17},"end":{"line":109,"column":51}},"37":{"start":{"line":109,"column":43},"end":{"line":109,"column":50}},"38":{"start":{"line":110,"column":4},"end":{"line":110,"column":36}},"39":{"start":{"line":113,"column":14},"end":{"line":113,"column":55}},"40":{"start":{"line":114,"column":2},"end":{"line":114,"column":27}},"41":{"start":{"line":122,"column":0},"end":{"line":125,"column":3}},"42":{"start":{"line":123,"column":2},"end":{"line":123,"column":34}},"43":{"start":{"line":124,"column":2},"end":{"line":124,"column":46}},"44":{"start":{"line":128,"column":0},"end":{"line":128,"column":24}}},"fnMap":{"0":{"name":"(anonymous_0)","decl":{"start":{"line":29,"column":30},"end":{"line":29,"column":31}},"loc":{"start":{"line":29,"column":62},"end":{"line":42,"column":1}},"line":29},"1":{"name":"(anonymous_1)","decl":{"start":{"line":36,"column":38},"end":{"line":36,"column":39}},"loc":{"start":{"line":36,"column":43},"end":{"line":36,"column":50}},"line":36},"2":{"name":"(anonymous_2)","decl":{"start":{"line":55,"column":16},"end":{"line":55,"column":17}},"loc":{"start":{"line":55,"column":48},"end":{"line":77,"column":1}},"line":55},"3":{"name":"(anonymous_3)","decl":{"start":{"line":71,"column":38},"end":{"line":71,"column":39}},"loc":{"start":{"line":71,"column":43},"end":{"line":71,"column":50}},"line":71},"4":{"name":"(anonymous_4)","decl":{"start":{"line":86,"column":19},"end":{"line":86,"column":20}},"loc":{"start":{"line":86,"column":51},"end":{"line":89,"column":1}},"line":86},"5":{"name":"(anonymous_5)","decl":{"start":{"line":102,"column":34},"end":{"line":102,"column":35}},"loc":{"start":{"line":102,"column":66},"end":{"line":115,"column":1}},"line":102},"6":{"name":"(anonymous_6)","decl":{"start":{"line":109,"column":38},"end":{"line":109,"column":39}},"loc":{"start":{"line":109,"column":43},"end":{"line":109,"column":50}},"line":109},"7":{"name":"(anonymous_7)","decl":{"start":{"line":122,"column":35},"end":{"line":122,"column":36}},"loc":{"start":{"line":122,"column":67},"end":{"line":125,"column":1}},"line":122}},"branchMap":{"0":{"loc":{"start":{"line":35,"column":2},"end":{"line":38,"column":3}},"type":"if","locations":[{"start":{"line":35,"column":2},"end":{"line":38,"column":3}},{"start":{},"end":{}}],"line":35},"1":{"loc":{"start":{"line":58,"column":2},"end":{"line":58,"column":67}},"type":"if","locations":[{"start":{"line":58,"column":2},"end":{"line":58,"column":67}},{"start":{},"end":{}}],"line":58},"2":{"loc":{"start":{"line":60,"column":2},"end":{"line":62,"column":3}},"type":"if","locations":[{"start":{"line":60,"column":2},"end":{"line":62,"column":3}},{"start":{},"end":{}}],"line":60},"3":{"loc":{"start":{"line":60,"column":6},"end":{"line":60,"column":63}},"type":"binary-expr","locations":[{"start":{"line":60,"column":6},"end":{"line":60,"column":32}},{"start":{"line":60,"column":36},"end":{"line":60,"column":63}}],"line":60},"4":{"loc":{"start":{"line":70,"column":2},"end":{"line":73,"column":3}},"type":"if","locations":[{"start":{"line":70,"column":2},"end":{"line":73,"column":3}},{"start":{},"end":{}}],"line":70},"5":{"loc":{"start":{"line":108,"column":2},"end":{"line":111,"column":3}},"type":"if","locations":[{"start":{"line":108,"column":2},"end":{"line":111,"column":3}},{"start":{},"end":{}}],"line":108}},"s":{"0":5,"1":5,"2":5,"3":5,"4":5,"5":5,"6":5,"7":5,"8":5,"9":5,"10":3,"11":3,"12":2,"13":3,"14":2,"15":1,"16":1,"17":5,"18":5,"19":5,"20":3,"21":5,"22":2,"23":5,"24":5,"25":3,"26":3,"27":3,"28":2,"29":2,"30":5,"31":3,"32":1,"33":5,"34":4,"35":4,"36":2,"37":2,"38":2,"39":2,"40":1,"41":5,"42":2,"43":1,"44":5},"f":{"0":3,"1":3,"2":5,"3":3,"4":3,"5":4,"6":2,"7":2},"b":{"0":[2,1],"1":[3,2],"2":[2,3],"3":[5,3],"4":[3,2],"5":[2,2]},"_coverageSchema":"1a1c01bbd47fc00a2c39e90264f33305004495a9","hash":"74e3d19f2e7215f81e91adcb882e2916e190dca3"}
,"/Users/crichmond/rithm/exercises/express-jobly/routes/users.js": {"path":"/Users/crichmond/rithm/exercises/express-jobly/routes/users.js","statementMap":{"0":{"start":{"line":5,"column":19},"end":{"line":5,"column":40}},"1":{"start":{"line":7,"column":16},"end":{"line":7,"column":34}},"2":{"start":{"line":8,"column":66},"end":{"line":8,"column":95}},"3":{"start":{"line":9,"column":28},"end":{"line":9,"column":54}},"4":{"start":{"line":10,"column":13},"end":{"line":10,"column":38}},"5":{"start":{"line":11,"column":24},"end":{"line":11,"column":52}},"6":{"start":{"line":12,"column":22},"end":{"line":12,"column":56}},"7":{"start":{"line":13,"column":25},"end":{"line":13,"column":62}},"8":{"start":{"line":15,"column":15},"end":{"line":15,"column":31}},"9":{"start":{"line":30,"column":0},"end":{"line":44,"column":3}},"10":{"start":{"line":31,"column":20},"end":{"line":35,"column":3}},"11":{"start":{"line":36,"column":2},"end":{"line":39,"column":3}},"12":{"start":{"line":37,"column":17},"end":{"line":37,"column":51}},"13":{"start":{"line":37,"column":43},"end":{"line":37,"column":50}},"14":{"start":{"line":38,"column":4},"end":{"line":38,"column":36}},"15":{"start":{"line":41,"column":15},"end":{"line":41,"column":44}},"16":{"start":{"line":42,"column":16},"end":{"line":42,"column":33}},"17":{"start":{"line":43,"column":2},"end":{"line":43,"column":47}},"18":{"start":{"line":54,"column":0},"end":{"line":57,"column":3}},"19":{"start":{"line":55,"column":16},"end":{"line":55,"column":36}},"20":{"start":{"line":56,"column":2},"end":{"line":56,"column":29}},"21":{"start":{"line":67,"column":0},"end":{"line":70,"column":3}},"22":{"start":{"line":68,"column":15},"end":{"line":68,"column":50}},"23":{"start":{"line":69,"column":2},"end":{"line":69,"column":28}},"24":{"start":{"line":83,"column":0},"end":{"line":96,"column":3}},"25":{"start":{"line":84,"column":20},"end":{"line":88,"column":3}},"26":{"start":{"line":89,"column":2},"end":{"line":92,"column":3}},"27":{"start":{"line":90,"column":17},"end":{"line":90,"column":51}},"28":{"start":{"line":90,"column":43},"end":{"line":90,"column":50}},"29":{"start":{"line":91,"column":4},"end":{"line":91,"column":36}},"30":{"start":{"line":94,"column":15},"end":{"line":94,"column":63}},"31":{"start":{"line":95,"column":2},"end":{"line":95,"column":28}},"32":{"start":{"line":104,"column":0},"end":{"line":107,"column":3}},"33":{"start":{"line":105,"column":2},"end":{"line":105,"column":41}},"34":{"start":{"line":106,"column":2},"end":{"line":106,"column":52}},"35":{"start":{"line":110,"column":0},"end":{"line":110,"column":24}}},"fnMap":{"0":{"name":"(anonymous_0)","decl":{"start":{"line":30,"column":30},"end":{"line":30,"column":31}},"loc":{"start":{"line":30,"column":62},"end":{"line":44,"column":1}},"line":30},"1":{"name":"(anonymous_1)","decl":{"start":{"line":37,"column":38},"end":{"line":37,"column":39}},"loc":{"start":{"line":37,"column":43},"end":{"line":37,"column":50}},"line":37},"2":{"name":"(anonymous_2)","decl":{"start":{"line":54,"column":29},"end":{"line":54,"column":30}},"loc":{"start":{"line":54,"column":61},"end":{"line":57,"column":1}},"line":54},"3":{"name":"(anonymous_3)","decl":{"start":{"line":67,"column":51},"end":{"line":67,"column":52}},"loc":{"start":{"line":67,"column":83},"end":{"line":70,"column":1}},"line":67},"4":{"name":"(anonymous_4)","decl":{"start":{"line":83,"column":53},"end":{"line":83,"column":54}},"loc":{"start":{"line":83,"column":85},"end":{"line":96,"column":1}},"line":83},"5":{"name":"(anonymous_5)","decl":{"start":{"line":90,"column":38},"end":{"line":90,"column":39}},"loc":{"start":{"line":90,"column":43},"end":{"line":90,"column":50}},"line":90},"6":{"name":"(anonymous_6)","decl":{"start":{"line":104,"column":54},"end":{"line":104,"column":55}},"loc":{"start":{"line":104,"column":86},"end":{"line":107,"column":1}},"line":104}},"branchMap":{"0":{"loc":{"start":{"line":36,"column":2},"end":{"line":39,"column":3}},"type":"if","locations":[{"start":{"line":36,"column":2},"end":{"line":39,"column":3}},{"start":{},"end":{}}],"line":36},"1":{"loc":{"start":{"line":89,"column":2},"end":{"line":92,"column":3}},"type":"if","locations":[{"start":{"line":89,"column":2},"end":{"line":92,"column":3}},{"start":{},"end":{}}],"line":89}},"s":{"0":5,"1":5,"2":5,"3":5,"4":5,"5":5,"6":5,"7":5,"8":5,"9":5,"10":4,"11":4,"12":2,"13":5,"14":2,"15":2,"16":2,"17":2,"18":5,"19":1,"20":1,"21":5,"22":3,"23":2,"24":5,"25":6,"26":6,"27":1,"28":1,"29":1,"30":5,"31":4,"32":5,"33":3,"34":2,"35":5},"f":{"0":4,"1":5,"2":1,"3":3,"4":6,"5":1,"6":3},"b":{"0":[2,2],"1":[1,5]},"_coverageSchema":"1a1c01bbd47fc00a2c39e90264f33305004495a9","hash":"c62b73f6ec37e8d8ab4861258430b4090ebcd290"}
}
