TN:
SF:app.js
FN:30,(anonymous_0)
FN:35,(anonymous_1)
FNF:2
FNH:2
FNDA:2,(anonymous_0)
FNDA:40,(anonymous_1)
DA:5,4
DA:6,4
DA:8,4
DA:10,4
DA:11,4
DA:12,4
DA:13,4
DA:15,4
DA:17,4
DA:19,4
DA:20,4
DA:21,4
DA:22,4
DA:24,4
DA:25,4
DA:26,4
DA:30,4
DA:31,2
DA:35,4
DA:36,40
DA:39,40
DA:41,40
DA:46,4
LF:23
LH:23
BRDA:36,0,0,1
BRDA:36,0,1,39
BRF:2
BRH:2
end_of_record
TN:
SF:config.js
FN:13,getDatabaseUri
FNF:1
FNH:1
FNDA:10,getDatabaseUri
DA:5,9
DA:6,9
DA:8,9
DA:10,9
DA:14,10
DA:21,9
DA:23,9
DA:24,1
DA:34,9
LF:9
LH:9
BRDA:8,0,0,9
BRDA:8,0,1,8
BRDA:10,1,0,9
BRDA:10,1,1,8
BRDA:14,2,0,7
BRDA:14,2,1,3
BRDA:16,3,0,3
BRDA:16,3,1,1
BRDA:21,4,0,8
BRDA:21,4,1,1
BRDA:23,5,0,1
BRDA:23,5,1,8
BRF:12
BRH:12
end_of_record
TN:
SF:db.js
FN:14,connectDb
FNF:1
FNH:1
FNDA:6,connectDb
DA:5,6
DA:6,6
DA:8,6
DA:10,6
DA:16,6
DA:17,6
DA:18,6
DA:19,5
DA:25,6
DA:27,6
LF:10
LH:10
BRF:0
BRH:0
end_of_record
TN:
SF:expressError.js
FN:10,(anonymous_0)
FN:20,(anonymous_1)
FN:28,(anonymous_2)
FN:36,(anonymous_3)
FN:44,(anonymous_4)
FNF:5
FNH:4
FNDA:55,(anonymous_0)
FNDA:14,(anonymous_1)
FNDA:21,(anonymous_2)
FNDA:20,(anonymous_3)
FNDA:0,(anonymous_4)
DA:11,55
DA:12,55
DA:13,55
DA:21,14
DA:29,21
DA:37,20
DA:45,0
DA:49,8
LF:8
LH:7
BRDA:20,0,0,2
BRDA:28,1,0,17
BRDA:36,2,0,0
BRDA:44,3,0,0
BRF:4
BRH:2
end_of_record
TN:
SF:helpers/sql.js
FN:17,sqlForPartialUpdate
FN:22,(anonymous_1)
FNF:2
FNH:2
FNDA:17,sqlForPartialUpdate
FNDA:27,(anonymous_1)
DA:3,7
DA:18,17
DA:19,17
DA:22,14
DA:23,27
DA:26,14
DA:32,7
LF:7
LH:7
BRDA:19,0,0,3
BRDA:19,0,1,14
BRDA:23,1,0,27
BRDA:23,1,1,13
BRF:4
BRH:4
end_of_record
TN:
SF:helpers/tokens.js
FN:8,createToken
FNF:1
FNH:1
FNDA:13,createToken
DA:3,5
DA:4,5
DA:9,13
DA:14,13
DA:17,5
LF:5
LH:5
BRF:0
BRH:0
end_of_record
TN:
SF:middleware/auth.js
FN:18,authenticateJWT
FN:38,ensureLoggedIn
FN:48,ensureAdmin
FN:59,ensureCorrectUserOrAdmin
FNF:4
FNH:4
FNDA:63,authenticateJWT
FNDA:3,ensureLoggedIn
FNDA:23,ensureAdmin
FNDA:18,ensureCorrectUserOrAdmin
DA:5,5
DA:6,5
DA:7,5
DA:19,63
DA:20,63
DA:21,36
DA:23,36
DA:24,36
DA:29,63
DA:39,3
DA:40,2
DA:49,23
DA:50,9
DA:60,18
DA:61,18
DA:63,18
DA:64,6
DA:66,12
DA:69,5
LF:19
LH:19
BRDA:20,0,0,36
BRDA:20,0,1,27
BRDA:39,1,0,1
BRDA:39,1,1,2
BRDA:49,2,0,14
BRDA:49,2,1,9
BRDA:60,3,0,18
BRDA:60,3,1,3
BRDA:63,4,0,6
BRDA:63,4,1,12
BRDA:63,5,0,18
BRDA:63,5,1,10
BRF:12
BRH:12
end_of_record
TN:
SF:models/_testCommon.js
FN:8,commonBeforeAll
FN:34,commonBeforeEach
FN:38,commonAfterEach
FN:42,commonAfterAll
FNF:4
FNH:4
FNDA:2,commonBeforeAll
FNDA:32,commonBeforeEach
FNDA:32,commonAfterEach
FNDA:2,commonAfterAll
DA:3,2
DA:5,2
DA:6,2
DA:10,2
DA:12,2
DA:14,2
DA:20,2
DA:35,32
DA:39,32
DA:43,2
DA:47,2
LF:11
LH:11
BRF:0
BRH:0
end_of_record
TN:
SF:models/company.js
FN:19,(anonymous_0)
FN:62,(anonymous_1)
FN:84,(anonymous_2)
FN:122,(anonymous_3)
FN:151,(anonymous_4)
FN:183,(anonymous_5)
FNF:6
FNH:6
FNDA:13,(anonymous_0)
FNDA:5,(anonymous_1)
FNDA:9,(anonymous_2)
FNDA:5,(anonymous_3)
FNDA:6,(anonymous_4)
FNDA:4,(anonymous_5)
DA:3,5
DA:4,5
DA:5,5
DA:20,13
DA:25,13
DA:26,1
DA:28,12
DA:48,12
DA:50,12
DA:63,5
DA:65,5
DA:74,5
DA:86,9
DA:88,9
DA:89,9
DA:91,9
DA:92,5
DA:93,5
DA:97,9
DA:98,4
DA:99,4
DA:102,9
DA:103,4
DA:104,4
DA:107,9
DA:109,9
DA:123,5
DA:132,5
DA:134,5
DA:136,3
DA:152,6
DA:158,5
DA:160,5
DA:170,5
DA:171,5
DA:173,5
DA:175,3
DA:184,4
DA:189,4
DA:191,4
DA:196,5
LF:41
LH:41
BRDA:25,0,0,1
BRDA:25,0,1,12
BRDA:84,1,0,2
BRDA:91,2,0,5
BRDA:91,2,1,4
BRDA:97,3,0,4
BRDA:97,3,1,5
BRDA:102,4,0,4
BRDA:102,4,1,5
BRDA:107,5,0,6
BRDA:107,5,1,3
BRDA:134,6,0,2
BRDA:134,6,1,3
BRDA:173,7,0,2
BRDA:173,7,1,3
BRDA:191,8,0,2
BRDA:191,8,1,2
BRF:17
BRH:17
end_of_record
TN:
SF:models/user.js
FN:24,(anonymous_0)
FN:58,(anonymous_1)
FN:106,(anonymous_2)
FN:128,(anonymous_3)
FN:163,(anonymous_4)
FN:197,(anonymous_5)
FNF:6
FNH:6
FNDA:8,(anonymous_0)
FNDA:19,(anonymous_1)
FNDA:2,(anonymous_2)
FNDA:5,(anonymous_3)
FNDA:9,(anonymous_4)
FNDA:5,(anonymous_5)
DA:3,5
DA:4,5
DA:5,5
DA:10,5
DA:12,5
DA:26,8
DA:37,8
DA:39,8
DA:41,5
DA:42,5
DA:43,4
DA:44,4
DA:48,4
DA:60,19
DA:66,19
DA:67,1
DA:70,18
DA:72,18
DA:96,18
DA:98,18
DA:107,2
DA:117,2
DA:129,5
DA:139,5
DA:141,5
DA:143,3
DA:164,9
DA:165,3
DA:168,9
DA:175,8
DA:177,8
DA:186,8
DA:187,8
DA:189,8
DA:191,6
DA:192,6
DA:198,5
DA:204,5
DA:206,5
DA:211,5
LF:40
LH:40
BRDA:39,0,0,5
BRDA:39,0,1,3
BRDA:42,1,0,4
BRDA:42,1,1,1
BRDA:66,2,0,1
BRDA:66,2,1,18
BRDA:141,3,0,2
BRDA:141,3,1,3
BRDA:164,4,0,3
BRDA:164,4,1,6
BRDA:189,5,0,2
BRDA:189,5,1,6
BRDA:206,6,0,2
BRDA:206,6,1,3
BRF:14
BRH:14
end_of_record
TN:
SF:routes/_testCommon.js
FN:8,commonBeforeAll
FN:74,commonBeforeEach
FN:78,commonAfterEach
FN:82,commonAfterAll
FNF:4
FNH:4
FNDA:3,commonBeforeAll
FNDA:58,commonBeforeEach
FNDA:58,commonAfterEach
FNDA:3,commonAfterAll
DA:3,3
DA:4,3
DA:5,3
DA:6,3
DA:10,3
DA:12,3
DA:14,3
DA:22,3
DA:30,3
DA:39,3
DA:47,3
DA:55,3
DA:64,3
DA:75,58
DA:79,58
DA:83,3
DA:87,3
DA:88,3
DA:92,3
LF:19
LH:19
BRF:0
BRH:0
end_of_record
TN:
SF:routes/auth.js
FN:22,(anonymous_0)
FN:29,(anonymous_1)
FN:49,(anonymous_2)
FN:56,(anonymous_3)
FNF:4
FNH:4
FNDA:5,(anonymous_0)
FNDA:2,(anonymous_1)
FNDA:3,(anonymous_2)
FNDA:5,(anonymous_3)
DA:5,4
DA:7,4
DA:8,4
DA:9,4
DA:10,4
DA:11,4
DA:12,4
DA:13,4
DA:22,4
DA:23,5
DA:28,5
DA:29,2
DA:30,2
DA:33,3
DA:34,3
DA:35,1
DA:36,1
DA:49,4
DA:50,3
DA:55,3
DA:56,5
DA:57,2
DA:60,1
DA:61,1
DA:62,1
DA:66,4
LF:26
LH:26
BRDA:28,0,0,2
BRDA:28,0,1,3
BRDA:55,1,0,2
BRDA:55,1,1,1
BRF:4
BRH:4
end_of_record
TN:
SF:routes/companies.js
FN:30,(anonymous_0)
FN:37,(anonymous_1)
FN:56,(anonymous_2)
FN:74,(anonymous_3)
FN:90,(anonymous_4)
FN:106,(anonymous_5)
FN:113,(anonymous_6)
FN:126,(anonymous_7)
FNF:8
FNH:8
FNDA:3,(anonymous_0)
FNDA:3,(anonymous_1)
FNDA:6,(anonymous_2)
FNDA:3,(anonymous_3)
FNDA:3,(anonymous_4)
FNDA:4,(anonymous_5)
FNDA:2,(anonymous_6)
FNDA:2,(anonymous_7)
DA:5,4
DA:6,4
DA:8,4
DA:9,4
DA:10,4
DA:13,4
DA:15,4
DA:16,4
DA:18,4
DA:30,4
DA:31,3
DA:36,3
DA:37,3
DA:38,2
DA:41,1
DA:42,1
DA:56,4
DA:57,6
DA:59,6
DA:61,6
DA:63,6
DA:64,1
DA:67,5
DA:73,5
DA:74,3
DA:75,3
DA:78,2
DA:79,2
DA:90,4
DA:91,3
DA:92,2
DA:106,4
DA:107,4
DA:112,4
DA:113,2
DA:114,2
DA:117,2
DA:118,1
DA:126,4
DA:127,2
DA:128,1
DA:132,4
LF:42
LH:42
BRDA:36,0,0,2
BRDA:36,0,1,1
BRDA:59,1,0,4
BRDA:59,1,1,2
BRDA:61,2,0,4
BRDA:61,2,1,2
BRDA:63,3,0,1
BRDA:63,3,1,5
BRDA:73,4,0,3
BRDA:73,4,1,2
BRDA:112,5,0,2
BRDA:112,5,1,2
BRF:12
BRH:12
end_of_record
TN:
SF:routes/users.js
FN:30,(anonymous_0)
FN:37,(anonymous_1)
FN:54,(anonymous_2)
FN:67,(anonymous_3)
FN:83,(anonymous_4)
FN:90,(anonymous_5)
FN:104,(anonymous_6)
FNF:7
FNH:7
FNDA:4,(anonymous_0)
FNDA:5,(anonymous_1)
FNDA:1,(anonymous_2)
FNDA:3,(anonymous_3)
FNDA:6,(anonymous_4)
FNDA:1,(anonymous_5)
FNDA:3,(anonymous_6)
DA:5,4
DA:7,4
DA:8,4
DA:9,4
DA:10,4
DA:11,4
DA:12,4
DA:13,4
DA:15,4
DA:30,4
DA:31,4
DA:36,4
DA:37,5
DA:38,2
DA:41,2
DA:42,2
DA:43,2
DA:54,4
DA:55,1
DA:56,1
DA:67,4
DA:68,3
DA:69,2
DA:83,4
DA:84,6
DA:89,6
DA:90,1
DA:91,1
DA:94,5
DA:95,4
DA:104,4
DA:105,3
DA:106,2
DA:110,4
LF:34
LH:34
BRDA:36,0,0,2
BRDA:36,0,1,2
BRDA:89,1,0,1
BRDA:89,1,1,5
BRF:4
BRH:4
end_of_record
