TN:
SF:app.js
FN:32,(anonymous_0)
FN:37,(anonymous_1)
FNF:2
FNH:2
FNDA:2,(anonymous_0)
FNDA:56,(anonymous_1)
DA:5,5
DA:6,5
DA:8,5
DA:10,5
DA:11,5
DA:12,5
DA:13,5
DA:14,5
DA:16,5
DA:18,5
DA:20,5
DA:21,5
DA:22,5
DA:23,5
DA:25,5
DA:26,5
DA:27,5
DA:28,5
DA:32,5
DA:33,2
DA:37,5
DA:38,56
DA:41,56
DA:43,56
DA:48,5
LF:25
LH:25
BRDA:38,0,0,1
BRDA:38,0,1,55
BRF:2
BRH:2
end_of_record
TN:
SF:config.js
FN:13,getDatabaseUri
FNF:1
FNH:1
FNDA:12,getDatabaseUri
DA:5,11
DA:6,11
DA:8,11
DA:10,11
DA:14,12
DA:21,11
DA:23,11
DA:24,1
DA:34,11
LF:9
LH:9
BRDA:8,0,0,11
BRDA:8,0,1,10
BRDA:10,1,0,11
BRDA:10,1,1,10
BRDA:14,2,0,9
BRDA:14,2,1,3
BRDA:16,3,0,3
BRDA:16,3,1,1
BRDA:21,4,0,10
BRDA:21,4,1,1
BRDA:23,5,0,1
BRDA:23,5,1,10
BRF:12
BRH:12
end_of_record
TN:
SF:db.js
FN:14,connectDb
FNF:1
FNH:1
FNDA:8,connectDb
DA:5,8
DA:6,8
DA:8,8
DA:10,8
DA:16,8
DA:17,8
DA:18,8
DA:19,8
DA:25,8
DA:27,8
LF:10
LH:10
BRF:0
BRH:0
end_of_record
TN:
SF:expressError.js
FN:10,(anonymous_0)
FN:20,(anonymous_1)
FN:28,(anonymous_2)
FN:36,(anonymous_3)
FN:44,(anonymous_4)
FNF:5
FNH:4
FNDA:81,(anonymous_0)
FNDA:21,(anonymous_1)
FNDA:32,(anonymous_2)
FNDA:28,(anonymous_3)
FNDA:0,(anonymous_4)
DA:11,81
DA:12,81
DA:13,81
DA:21,21
DA:29,32
DA:37,28
DA:45,0
DA:49,10
LF:8
LH:7
BRDA:20,0,0,2
BRDA:28,1,0,28
BRDA:36,2,0,0
BRDA:44,3,0,0
BRF:4
BRH:2
end_of_record
TN:
SF:helpers/sql.js
FN:17,sqlForPartialUpdate
FN:22,(anonymous_1)
FNF:2
FNH:2
FNDA:22,sqlForPartialUpdate
FNDA:35,(anonymous_1)
DA:3,9
DA:18,22
DA:19,22
DA:22,18
DA:23,35
DA:26,18
DA:32,9
LF:7
LH:7
BRDA:19,0,0,4
BRDA:19,0,1,18
BRDA:23,1,0,35
BRDA:23,1,1,21
BRF:4
BRH:4
end_of_record
TN:
SF:helpers/tokens.js
FN:8,createToken
FNF:1
FNH:1
FNDA:15,createToken
DA:3,6
DA:4,6
DA:9,15
DA:14,15
DA:17,6
LF:5
LH:5
BRF:0
BRH:0
end_of_record
TN:
SF:middleware/auth.js
FN:18,authenticateJWT
FN:38,ensureLoggedIn
FN:48,ensureAdmin
FN:59,ensureCorrectUserOrAdmin
FNF:4
FNH:4
FNDA:85,authenticateJWT
FNDA:3,ensureLoggedIn
FNDA:41,ensureAdmin
FNDA:23,ensureCorrectUserOrAdmin
DA:5,6
DA:6,6
DA:7,6
DA:19,85
DA:20,85
DA:21,48
DA:23,48
DA:24,48
DA:29,85
DA:39,3
DA:40,2
DA:49,41
DA:50,17
DA:60,23
DA:61,23
DA:63,23
DA:64,9
DA:66,14
DA:69,6
LF:19
LH:19
BRDA:20,0,0,48
BRDA:20,0,1,37
BRDA:39,1,0,1
BRDA:39,1,1,2
BRDA:49,2,0,24
BRDA:49,2,1,17
BRDA:60,3,0,23
BRDA:60,3,1,4
BRDA:63,4,0,9
BRDA:63,4,1,14
BRDA:63,5,0,23
BRDA:63,5,1,14
BRF:12
BRH:12
end_of_record
TN:
SF:models/_testCommon.js
FN:8,commonBeforeAll
FN:43,commonBeforeEach
FN:47,commonAfterEach
FN:51,commonAfterAll
FNF:4
FNH:4
FNDA:3,commonBeforeAll
FNDA:50,commonBeforeEach
FNDA:50,commonAfterEach
FNDA:3,commonAfterAll
DA:3,3
DA:5,3
DA:6,3
DA:10,3
DA:12,3
DA:14,3
DA:21,3
DA:34,3
DA:44,50
DA:48,50
DA:52,3
DA:56,3
LF:12
LH:12
BRF:0
BRH:0
end_of_record
TN:
SF:models/company.js
FN:19,(anonymous_0)
FN:62,(anonymous_1)
FN:84,(anonymous_2)
FN:122,(anonymous_3)
FN:146,(anonymous_4)
FN:172,(anonymous_5)
FN:204,(anonymous_6)
FNF:7
FNH:7
FNDA:16,(anonymous_0)
FNDA:5,(anonymous_1)
FNDA:9,(anonymous_2)
FNDA:6,(anonymous_3)
FNDA:2,(anonymous_4)
FNDA:6,(anonymous_5)
FNDA:4,(anonymous_6)
DA:3,6
DA:4,6
DA:5,6
DA:20,16
DA:25,16
DA:26,1
DA:28,15
DA:48,15
DA:50,15
DA:63,5
DA:65,5
DA:74,5
DA:86,9
DA:88,9
DA:89,9
DA:91,9
DA:92,5
DA:93,5
DA:97,9
DA:98,4
DA:99,4
DA:102,9
DA:103,4
DA:104,4
DA:107,9
DA:109,9
DA:123,6
DA:132,6
DA:134,6
DA:136,4
DA:146,4
DA:147,2
DA:156,4
DA:173,6
DA:179,5
DA:181,5
DA:191,5
DA:192,5
DA:194,5
DA:196,3
DA:205,4
DA:210,4
DA:212,4
DA:217,6
LF:44
LH:44
BRDA:25,0,0,1
BRDA:25,0,1,15
BRDA:84,1,0,2
BRDA:91,2,0,5
BRDA:91,2,1,4
BRDA:97,3,0,4
BRDA:97,3,1,5
BRDA:102,4,0,4
BRDA:102,4,1,5
BRDA:107,5,0,6
BRDA:107,5,1,3
BRDA:134,6,0,2
BRDA:134,6,1,4
BRDA:194,7,0,2
BRDA:194,7,1,3
BRDA:212,8,0,2
BRDA:212,8,1,2
BRF:17
BRH:17
end_of_record
TN:
SF:models/job.js
FN:20,(anonymous_0)
FN:61,(anonymous_1)
FN:81,(anonymous_2)
FN:120,(anonymous_3)
FN:149,(anonymous_4)
FN:176,(anonymous_5)
FNF:6
FNH:6
FNDA:13,(anonymous_0)
FNDA:5,(anonymous_1)
FNDA:9,(anonymous_2)
FNDA:5,(anonymous_3)
FNDA:5,(anonymous_4)
FNDA:4,(anonymous_5)
DA:3,6
DA:4,6
DA:5,6
DA:21,13
DA:26,13
DA:27,1
DA:29,12
DA:47,12
DA:49,12
DA:62,5
DA:64,5
DA:73,5
DA:83,9
DA:85,9
DA:86,9
DA:88,9
DA:89,5
DA:90,5
DA:94,9
DA:95,4
DA:96,4
DA:99,9
DA:102,4
DA:103,4
DA:106,9
DA:108,9
DA:121,5
DA:130,4
DA:132,4
DA:134,2
DA:150,5
DA:151,4
DA:153,4
DA:163,4
DA:164,4
DA:166,4
DA:168,2
DA:177,4
DA:182,4
DA:184,4
DA:189,6
LF:41
LH:41
BRDA:26,0,0,1
BRDA:26,0,1,12
BRDA:81,1,0,2
BRDA:88,2,0,5
BRDA:88,2,1,4
BRDA:94,3,0,4
BRDA:94,3,1,5
BRDA:99,4,0,4
BRDA:99,4,1,5
BRDA:106,5,0,6
BRDA:106,5,1,3
BRDA:132,6,0,2
BRDA:132,6,1,2
BRDA:166,7,0,2
BRDA:166,7,1,2
BRDA:184,8,0,2
BRDA:184,8,1,2
BRF:17
BRH:17
end_of_record
TN:
SF:models/user.js
FN:24,(anonymous_0)
FN:58,(anonymous_1)
FN:106,(anonymous_2)
FN:128,(anonymous_3)
FN:163,(anonymous_4)
FN:197,(anonymous_5)
FNF:6
FNH:6
FNDA:8,(anonymous_0)
FNDA:23,(anonymous_1)
FNDA:2,(anonymous_2)
FNDA:5,(anonymous_3)
FNDA:9,(anonymous_4)
FNDA:5,(anonymous_5)
DA:3,6
DA:4,6
DA:5,6
DA:10,6
DA:12,6
DA:26,8
DA:37,8
DA:39,8
DA:41,5
DA:42,5
DA:43,4
DA:44,4
DA:48,4
DA:60,23
DA:66,23
DA:67,1
DA:70,22
DA:72,22
DA:96,22
DA:98,22
DA:107,2
DA:117,2
DA:129,5
DA:139,5
DA:141,5
DA:143,3
DA:164,9
DA:165,3
DA:168,9
DA:175,8
DA:177,8
DA:186,8
DA:187,8
DA:189,8
DA:191,6
DA:192,6
DA:198,5
DA:204,5
DA:206,5
DA:211,6
LF:40
LH:40
BRDA:39,0,0,5
BRDA:39,0,1,3
BRDA:42,1,0,4
BRDA:42,1,1,1
BRDA:66,2,0,1
BRDA:66,2,1,22
BRDA:141,3,0,2
BRDA:141,3,1,3
BRDA:164,4,0,3
BRDA:164,4,1,6
BRDA:189,5,0,2
BRDA:189,5,1,6
BRDA:206,6,0,2
BRDA:206,6,1,3
BRF:14
BRH:14
end_of_record
TN:
SF:routes/_testCommon.js
FN:9,commonBeforeAll
FN:90,commonBeforeEach
FN:94,commonAfterEach
FN:98,commonAfterAll
FNF:4
FNH:4
FNDA:4,commonBeforeAll
FNDA:80,commonBeforeEach
FNDA:80,commonAfterEach
FNDA:4,commonAfterAll
DA:3,4
DA:4,4
DA:5,4
DA:6,4
DA:7,4
DA:11,4
DA:13,4
DA:15,4
DA:23,4
DA:31,4
DA:40,4
DA:48,4
DA:56,4
DA:65,4
DA:74,4
DA:81,4
DA:91,80
DA:95,80
DA:99,4
DA:103,4
DA:104,4
DA:108,4
LF:22
LH:22
BRF:0
BRH:0
end_of_record
TN:
SF:routes/auth.js
FN:22,(anonymous_0)
FN:29,(anonymous_1)
FN:49,(anonymous_2)
FN:56,(anonymous_3)
FNF:4
FNH:4
FNDA:5,(anonymous_0)
FNDA:2,(anonymous_1)
FNDA:3,(anonymous_2)
FNDA:5,(anonymous_3)
DA:5,5
DA:7,5
DA:8,5
DA:9,5
DA:10,5
DA:11,5
DA:12,5
DA:13,5
DA:22,5
DA:23,5
DA:28,5
DA:29,2
DA:30,2
DA:33,3
DA:34,3
DA:35,1
DA:36,1
DA:49,5
DA:50,3
DA:55,3
DA:56,5
DA:57,2
DA:60,1
DA:61,1
DA:62,1
DA:66,5
LF:26
LH:26
BRDA:28,0,0,2
BRDA:28,0,1,3
BRDA:55,1,0,2
BRDA:55,1,1,1
BRF:4
BRH:4
end_of_record
TN:
SF:routes/companies.js
FN:30,(anonymous_0)
FN:37,(anonymous_1)
FN:56,(anonymous_2)
FN:74,(anonymous_3)
FN:90,(anonymous_4)
FN:106,(anonymous_5)
FN:113,(anonymous_6)
FN:126,(anonymous_7)
FNF:8
FNH:8
FNDA:3,(anonymous_0)
FNDA:3,(anonymous_1)
FNDA:6,(anonymous_2)
FNDA:3,(anonymous_3)
FNDA:3,(anonymous_4)
FNDA:4,(anonymous_5)
FNDA:2,(anonymous_6)
FNDA:2,(anonymous_7)
DA:5,5
DA:6,5
DA:8,5
DA:9,5
DA:10,5
DA:13,5
DA:15,5
DA:16,5
DA:18,5
DA:30,5
DA:31,3
DA:36,3
DA:37,3
DA:38,2
DA:41,1
DA:42,1
DA:56,5
DA:57,6
DA:59,6
DA:61,6
DA:63,6
DA:64,1
DA:67,5
DA:73,5
DA:74,3
DA:75,3
DA:78,2
DA:79,2
DA:90,5
DA:91,3
DA:92,2
DA:106,5
DA:107,4
DA:112,4
DA:113,2
DA:114,2
DA:117,2
DA:118,1
DA:126,5
DA:127,2
DA:128,1
DA:132,5
LF:42
LH:42
BRDA:36,0,0,2
BRDA:36,0,1,1
BRDA:59,1,0,4
BRDA:59,1,1,2
BRDA:61,2,0,4
BRDA:61,2,1,2
BRDA:63,3,0,1
BRDA:63,3,1,5
BRDA:73,4,0,3
BRDA:73,4,1,2
BRDA:112,5,0,2
BRDA:112,5,1,2
BRF:12
BRH:12
end_of_record
TN:
SF:routes/jobs.js
FN:29,(anonymous_0)
FN:36,(anonymous_1)
FN:55,(anonymous_2)
FN:71,(anonymous_3)
FN:86,(anonymous_4)
FN:102,(anonymous_5)
FN:109,(anonymous_6)
FN:122,(anonymous_7)
FNF:8
FNH:8
FNDA:3,(anonymous_0)
FNDA:3,(anonymous_1)
FNDA:5,(anonymous_2)
FNDA:3,(anonymous_3)
FNDA:3,(anonymous_4)
FNDA:4,(anonymous_5)
FNDA:2,(anonymous_6)
FNDA:2,(anonymous_7)
DA:5,5
DA:6,5
DA:8,5
DA:9,5
DA:10,5
DA:13,5
DA:15,5
DA:16,5
DA:18,5
DA:29,5
DA:30,3
DA:35,3
DA:36,3
DA:37,2
DA:40,1
DA:41,1
DA:55,5
DA:56,5
DA:58,5
DA:60,5
DA:61,2
DA:64,5
DA:70,5
DA:71,3
DA:72,3
DA:75,2
DA:76,2
DA:86,5
DA:87,3
DA:88,1
DA:102,5
DA:103,4
DA:108,4
DA:109,2
DA:110,2
DA:113,2
DA:114,1
DA:122,5
DA:123,2
DA:124,1
DA:128,5
LF:41
LH:41
BRDA:35,0,0,2
BRDA:35,0,1,1
BRDA:58,1,0,3
BRDA:58,1,1,2
BRDA:60,2,0,2
BRDA:60,2,1,3
BRDA:60,3,0,5
BRDA:60,3,1,3
BRDA:70,4,0,3
BRDA:70,4,1,2
BRDA:108,5,0,2
BRDA:108,5,1,2
BRF:12
BRH:12
end_of_record
TN:
SF:routes/users.js
FN:30,(anonymous_0)
FN:37,(anonymous_1)
FN:54,(anonymous_2)
FN:67,(anonymous_3)
FN:83,(anonymous_4)
FN:90,(anonymous_5)
FN:104,(anonymous_6)
FNF:7
FNH:7
FNDA:4,(anonymous_0)
FNDA:5,(anonymous_1)
FNDA:1,(anonymous_2)
FNDA:3,(anonymous_3)
FNDA:6,(anonymous_4)
FNDA:1,(anonymous_5)
FNDA:3,(anonymous_6)
DA:5,5
DA:7,5
DA:8,5
DA:9,5
DA:10,5
DA:11,5
DA:12,5
DA:13,5
DA:15,5
DA:30,5
DA:31,4
DA:36,4
DA:37,5
DA:38,2
DA:41,2
DA:42,2
DA:43,2
DA:54,5
DA:55,1
DA:56,1
DA:67,5
DA:68,3
DA:69,2
DA:83,5
DA:84,6
DA:89,6
DA:90,1
DA:91,1
DA:94,5
DA:95,4
DA:104,5
DA:105,3
DA:106,2
DA:110,5
LF:34
LH:34
BRDA:36,0,0,2
BRDA:36,0,1,2
BRDA:89,1,0,1
BRDA:89,1,1,5
BRF:4
BRH:4
end_of_record
